   1               		.file	"debug.c"
   2               	__SP_H__ = 0x3e
   3               	__SP_L__ = 0x3d
   4               	__SREG__ = 0x3f
   5               	__tmp_reg__ = 0
   6               	__zero_reg__ = 1
   7               		.text
   8               	.Ltext0:
   9               		.cfi_sections	.debug_frame
  10               	.global	debug_config
  11               		.section .bss
  14               	debug_config:
  15 0000 00        		.zero	1
  16               		.text
  17               	.Letext0:
  18               		.file 1 "../../common/debug_config.h"
  19               		.file 2 "/usr/local/Cellar/avr-gcc/4.9.2/avr/include/stdint.h"
  20               		.file 3 "../../common/debug.c"
DEFINED SYMBOLS
                            *ABS*:0000000000000000 debug.c
/var/folders/67/vcrp0s4s10x_6hfx2yflxzbc0000gn/T//cco51GUK.s:2      *ABS*:000000000000003e __SP_H__
/var/folders/67/vcrp0s4s10x_6hfx2yflxzbc0000gn/T//cco51GUK.s:3      *ABS*:000000000000003d __SP_L__
/var/folders/67/vcrp0s4s10x_6hfx2yflxzbc0000gn/T//cco51GUK.s:4      *ABS*:000000000000003f __SREG__
/var/folders/67/vcrp0s4s10x_6hfx2yflxzbc0000gn/T//cco51GUK.s:5      *ABS*:0000000000000000 __tmp_reg__
/var/folders/67/vcrp0s4s10x_6hfx2yflxzbc0000gn/T//cco51GUK.s:6      *ABS*:0000000000000001 __zero_reg__
/var/folders/67/vcrp0s4s10x_6hfx2yflxzbc0000gn/T//cco51GUK.s:14     .bss:0000000000000000 debug_config

UNDEFINED SYMBOLS
__do_clear_bss
