   1               		.file	"keymap_jp.c"
   2               	__SP_H__ = 0x3e
   3               	__SP_L__ = 0x3d
   4               	__SREG__ = 0x3f
   5               	__tmp_reg__ = 0
   6               	__zero_reg__ = 1
   7               		.text
   8               	.Ltext0:
   9               		.cfi_sections	.debug_frame
  10               		.section	.text.action_function,"ax",@progbits
  11               	.global	action_function
  13               	action_function:
  14               	.LFB102:
  15               		.file 1 "keymap_jp.c"
   1:keymap_jp.c   **** /*
   2:keymap_jp.c   ****  * HHKB JP Layout
   3:keymap_jp.c   ****  */
   4:keymap_jp.c   **** #include "keymap_common.h"
   5:keymap_jp.c   **** 
   6:keymap_jp.c   **** 
   7:keymap_jp.c   **** #ifdef KEYMAP_SECTION_ENABLE
   8:keymap_jp.c   **** const uint8_t keymaps[][MATRIX_ROWS][MATRIX_COLS] __attribute__ ((section (".keymap.keymaps"))) = {
   9:keymap_jp.c   **** #else
  10:keymap_jp.c   **** const uint8_t keymaps[][MATRIX_ROWS][MATRIX_COLS] PROGMEM = {
  11:keymap_jp.c   **** #endif
  12:keymap_jp.c   **** 
  13:keymap_jp.c   ****     /* Layer 0: Default Layer */
  14:keymap_jp.c   ****     [0] = \
  15:keymap_jp.c   ****     KEYMAP_JP(ESC, 1,   2,   3,   4,   5,   6,   7,   8,   9,   0,   MINS,EQL, GRV,BSPC, \
  16:keymap_jp.c   ****               TAB, Q,   W,   F,   P,   G,   J,   L,   U,   Y,   SCLN,   LBRC,RBRC, \
  17:keymap_jp.c   ****               LGUI,A,   R,   S,   T,   D,   H,   N,   E,   I,   O,QUOT,BSLS,ENT, \
  18:keymap_jp.c   ****               LSFT,Z,   X,   C,   V,   B,   K,   M,   COMM,DOT, SLSH,RO,  UP,  FN8, \
  19:keymap_jp.c   ****               FN1, ZKHK,LCTL,LALT,FN2,     SPC,      FN9,KANA,RALT,FN1, LEFT,DOWN,RGHT),
  20:keymap_jp.c   **** 
  21:keymap_jp.c   ****     /* Layer 1: HHKB mode (HHKB Fn)
  22:keymap_jp.c   ****      * ,-----------------------------------------------------------.
  23:keymap_jp.c   ****      * |Pwr| F1| F2| F3| F4| F5| F6| F7| F8| F9|F10|F11|F12|Ins|Del|
  24:keymap_jp.c   ****      * |-----------------------------------------------------------|
  25:keymap_jp.c   ****      * |Caps |   |   |   |   |   |   |   |Psc|Slk|Pus|Up |   |     |
  26:keymap_jp.c   ****      * |------------------------------------------------------`    |
  27:keymap_jp.c   ****      * |      |VoD|VoU|Mut|   |   |  *|  /|Hom|PgU|Lef|Rig|   |    |
  28:keymap_jp.c   ****      * |-----------------------------------------------------------|
  29:keymap_jp.c   ****      * |       |   |   |   |   |   |  +|  -|End|PgD|Dow|   |   |   |
  30:keymap_jp.c   ****      * |-----------------------------------------------------------|
  31:keymap_jp.c   ****      * |   ||   |   |   |   |         |   |   |   |   ||   |   |   |
  32:keymap_jp.c   ****      * `-----------------------------------------------------------'
  33:keymap_jp.c   ****      */
  34:keymap_jp.c   ****     [1] = \
  35:keymap_jp.c   ****     KEYMAP_JP(PWR, F1,  F2,  F3,  F4,  F5,  F6,  F7,  F8,  F9,  F10, F11, F12, INS, DEL, \
  36:keymap_jp.c   ****               CAPS,TRNS,TRNS,TRNS,TRNS,TRNS,TRNS,TRNS,PSCR,SLCK,PAUS, UP, TRNS, \
  37:keymap_jp.c   ****               TRNS,VOLD,VOLU,TRNS,TRNS,TRNS,PAST,PSLS,HOME,PGUP,LEFT,RGHT,TRNS,PENT, \
  38:keymap_jp.c   ****               TRNS,TRNS,TRNS,TRNS,TRNS,TRNS,PPLS,PMNS,END, PGDN,DOWN,TRNS,TRNS,TRNS, \
  39:keymap_jp.c   ****               TRNS,TRNS,TRNS,TRNS,TRNS,     TRNS,     TRNS,TRNS,TRNS,TRNS,TRNS,TRNS,TRNS),
  40:keymap_jp.c   **** 
  41:keymap_jp.c   ****     [2] = \
  42:keymap_jp.c   ****     KEYMAP_JP(PWR, F1,  F2,  F3,  F4,  F5,  F6,  F7,  F8,  F9,  F10, F11, F12, INS, DEL, \
  43:keymap_jp.c   ****               TRNS,TRNS,TRNS,TRNS,TRNS,TRNS,TRNS,F21,F22,F23,F24,TRNS, TRNS, \
  44:keymap_jp.c   ****               TRNS,TRNS,TRNS,FN4,FN5,TRNS,LEFT,DOWN,UP,RIGHT,DEL,TRNS,TRNS,ENT, \
  45:keymap_jp.c   ****               TRNS,TRNS,TRNS,TRNS,TRNS,TRNS,BSPC,TRNS,TRNS, TRNS,TRNS,TRNS,TRNS,TRNS, \
  46:keymap_jp.c   ****               TRNS,TRNS,TRNS,TRNS,TRNS,     TRNS,     FN9,TRNS,TRNS,TRNS,TRNS,TRNS,TRNS),
  47:keymap_jp.c   ****     [3] = \
  48:keymap_jp.c   ****     KEYMAP_JP(PWR, F1,  F2,  F3,  F4,  F5,  F6,  F7,  F8,  F9,  F10, F11, F12, INS, DEL, \
  49:keymap_jp.c   ****               TRNS,TRNS,KP_9,F14,TRNS,TRNS,TRNS,KP_1,KP_2,KP_3,KP_4,TRNS, TRNS, \
  50:keymap_jp.c   ****               TRNS,TRNS,TRNS,TRNS,TRNS,TRNS,F13,F16,F19,F17,F18,TRNS,TRNS,ENT, \
  51:keymap_jp.c   ****               TRNS,KP_0,TRNS,TRNS,TRNS,KP_5,KP_6,KP_7, KP_8,TRNS,TRNS,TRNS,TRNS,TRNS, \
  52:keymap_jp.c   ****               TRNS,TRNS,TRNS,TRNS,FN9,     TRNS,     TRNS,TRNS,TRNS,TRNS,TRNS,TRNS,TRNS),
  53:keymap_jp.c   ****     [4] = \
  54:keymap_jp.c   ****     KEYMAP_JP(PWR, TRNS,  TRNS,  TRNS,  TRNS,  TRNS,  TRNS,  7,  8,  9,  TRNS, TRNS, TRNS, TRNS, TR
  55:keymap_jp.c   ****               TRNS,TRNS,TRNS,TRNS,TRNS,TRNS,TRNS,4,5,6,TRNS,TRNS, TRNS, \
  56:keymap_jp.c   ****               TRNS,TRNS,TRNS,TRNS,TRNS,TRNS,0,1,2,3,TRNS,TRNS,TRNS,ENT, \
  57:keymap_jp.c   ****               TRNS,TRNS,TRNS,TRNS,TRNS,TRNS,TRNS,TRNS, TRNS,TRNS,TRNS,TRNS,TRNS,TRNS, \
  58:keymap_jp.c   ****               TRNS,TRNS,TRNS,TRNS,TRNS,     TRNS,     TRNS,TRNS,TRNS,TRNS,TRNS,TRNS,TRNS),
  59:keymap_jp.c   ****     [5] = \
  60:keymap_jp.c   ****     KEYMAP_JP(PWR, TRNS,  TRNS,  TRNS,  TRNS,  TRNS,  TRNS,  TRNS,  TRNS,  TRNS,  TRNS, TRNS, TRNS,
  61:keymap_jp.c   ****               TRNS,TRNS,TRNS,TRNS,TRNS,TRNS,TRNS,LBRACKET,RBRACKET,TRNS,TRNS,TRNS, TRNS, \
  62:keymap_jp.c   ****               TRNS,TRNS,TRNS,TRNS,TRNS,TRNS,KP_ASTERISK,KP_PLUS,MINUS,SLASH,TRNS,TRNS,TRNS,ENT, \
  63:keymap_jp.c   ****               TRNS,TRNS,TRNS,TRNS,TRNS,TRNS,TRNS,FN6, FN7,TRNS,TRNS,TRNS,TRNS,TRNS, \
  64:keymap_jp.c   ****               TRNS,TRNS,TRNS,TRNS,TRNS,     TRNS,     TRNS,TRNS,TRNS,TRNS,TRNS,TRNS,TRNS),
  65:keymap_jp.c   ****     [6] = \
  66:keymap_jp.c   ****     KEYMAP_JP(ESC, 1,   2,   3,   4,   5,   6,   7,   8,   9,   0,   MINS,EQL, JYEN,BSPC, \
  67:keymap_jp.c   ****               TAB, Q,   W,   E,   R,   T,   Y,   U,   I,   O,   P,   LBRC,RBRC, \
  68:keymap_jp.c   ****               LGUI,A,   S,   D,   F,   G,   H,   J,   K,   L,   SCLN,QUOT,BSLS,ENT, \
  69:keymap_jp.c   ****               LSFT,Z,   X,   C,   V,   B,   N,   M,   COMM,DOT, SLSH,RO,  UP,  FN8, \
  70:keymap_jp.c   ****               FN1, ZKHK,LCTL,LALT,FN2,     SPC,      FN3,KANA,RALT,FN1, LEFT,DOWN,RGHT),
  71:keymap_jp.c   **** 
  72:keymap_jp.c   **** };
  73:keymap_jp.c   **** 
  74:keymap_jp.c   **** 
  75:keymap_jp.c   **** 
  76:keymap_jp.c   **** /*
  77:keymap_jp.c   ****  * Fn action definition
  78:keymap_jp.c   ****  */
  79:keymap_jp.c   **** #ifdef KEYMAP_SECTION_ENABLE
  80:keymap_jp.c   **** const uint16_t fn_actions[] __attribute__ ((section (".keymap.fn_actions"))) = {
  81:keymap_jp.c   **** #else
  82:keymap_jp.c   **** const uint16_t fn_actions[] PROGMEM = {
  83:keymap_jp.c   **** #endif
  84:keymap_jp.c   ****     [0] = ACTION_DEFAULT_LAYER_SET(0),
  85:keymap_jp.c   ****     [1] = ACTION_LAYER_MOMENTARY(1),
  86:keymap_jp.c   ****     [2] = ACTION_LAYER_MOMENTARY(2),
  87:keymap_jp.c   ****     [3] = ACTION_LAYER_MOMENTARY(3),
  88:keymap_jp.c   ****     [4] = ACTION_LAYER_MOMENTARY(4),
  89:keymap_jp.c   ****     [5] = ACTION_LAYER_MOMENTARY(5),
  90:keymap_jp.c   ****     [6] = ACTION_MODS_KEY(MOD_LSFT, KC_9),
  91:keymap_jp.c   ****     [7] = ACTION_MODS_KEY(MOD_LSFT, KC_0),
  92:keymap_jp.c   ****     [8] = ACTION_LAYER_TOGGLE(6),
  93:keymap_jp.c   ****     [9] = ACTION_FUNCTION(2)
  94:keymap_jp.c   **** };
  95:keymap_jp.c   **** 
  96:keymap_jp.c   **** void action_function(keyrecord_t *record, uint8_t id, uint8_t opt)
  97:keymap_jp.c   **** {
  16               		.loc 1 97 0
  17               		.cfi_startproc
  18               	.LVL0:
  19               	/* prologue: function */
  20               	/* frame size = 0 */
  21               	/* stack size = 0 */
  22               	.L__stack_usage = 0
  98:keymap_jp.c   ****     switch (id) {
  23               		.loc 1 98 0
  24 0000 6230      		cpi r22,lo8(2)
  25 0002 01F4      		brne .L5
  99:keymap_jp.c   ****         case 2:
 100:keymap_jp.c   ****             // Shift parentheses example: LShft + tap '('
 101:keymap_jp.c   ****             // http://stevelosh.com/blog/2012/10/a-modern-space-cadet/#shift-parentheses
 102:keymap_jp.c   ****             // http://geekhack.org/index.php?topic=41989.msg1304899#msg1304899
 103:keymap_jp.c   **** 
 104:keymap_jp.c   ****         if (record->event.pressed){
  26               		.loc 1 104 0
  27 0004 FC01      		movw r30,r24
  28 0006 8281      		ldd r24,Z+2
  29               	.LVL1:
  30 0008 8823      		tst r24
  31 000a 01F0      		breq .L4
 105:keymap_jp.c   ****           // ACTION_MODS(MOD_LALT | MOD_LSFT | MOD_LCTL | MOD_LGUI);
 106:keymap_jp.c   ****           add_weak_mods(MOD_BIT(KC_LSHIFT));
  32               		.loc 1 106 0
  33 000c 82E0      		ldi r24,lo8(2)
  34 000e 0E94 0000 		call add_weak_mods
  35               	.LVL2:
 107:keymap_jp.c   ****           add_weak_mods(MOD_BIT(KC_LALT));
  36               		.loc 1 107 0
  37 0012 84E0      		ldi r24,lo8(4)
  38 0014 0E94 0000 		call add_weak_mods
  39               	.LVL3:
 108:keymap_jp.c   ****           add_weak_mods(MOD_BIT(KC_LGUI));
  40               		.loc 1 108 0
  41 0018 88E0      		ldi r24,lo8(8)
  42 001a 0E94 0000 		call add_weak_mods
  43               	.LVL4:
 109:keymap_jp.c   ****           add_weak_mods(MOD_BIT(KC_LCTL));
  44               		.loc 1 109 0
  45 001e 81E0      		ldi r24,lo8(1)
  46 0020 0E94 0000 		call add_weak_mods
  47               	.LVL5:
  48 0024 00C0      		rjmp .L6
  49               	.LVL6:
  50               	.L4:
 110:keymap_jp.c   ****           send_keyboard_report();
 111:keymap_jp.c   ****         }else{
 112:keymap_jp.c   ****           del_weak_mods(MOD_BIT(KC_LSHIFT));
  51               		.loc 1 112 0
  52 0026 82E0      		ldi r24,lo8(2)
  53 0028 0E94 0000 		call del_weak_mods
  54               	.LVL7:
 113:keymap_jp.c   ****           del_weak_mods(MOD_BIT(KC_LALT));
  55               		.loc 1 113 0
  56 002c 84E0      		ldi r24,lo8(4)
  57 002e 0E94 0000 		call del_weak_mods
  58               	.LVL8:
 114:keymap_jp.c   ****           del_weak_mods(MOD_BIT(KC_LGUI));
  59               		.loc 1 114 0
  60 0032 88E0      		ldi r24,lo8(8)
  61 0034 0E94 0000 		call del_weak_mods
  62               	.LVL9:
 115:keymap_jp.c   ****           del_weak_mods(MOD_BIT(KC_LCTL));
  63               		.loc 1 115 0
  64 0038 81E0      		ldi r24,lo8(1)
  65 003a 0E94 0000 		call del_weak_mods
  66               	.LVL10:
  67               	.L6:
 116:keymap_jp.c   ****           send_keyboard_report();
  68               		.loc 1 116 0
  69 003e 0C94 0000 		jmp send_keyboard_report
  70               	.LVL11:
  71               	.L5:
  72 0042 0895      		ret
  73               		.cfi_endproc
  74               	.LFE102:
  76               	.global	fn_actions
  77               		.section	.progmem.data,"a",@progbits
  80               	fn_actions:
  81 0000 018C      		.word	-29695
  82 0002 F1A1      		.word	-24079
  83 0004 F1A2      		.word	-23823
  84 0006 F1A3      		.word	-23567
  85 0008 F1A4      		.word	-23311
  86 000a F1A5      		.word	-23055
  87 000c 2602      		.word	550
  88 000e 2702      		.word	551
  89 0010 248A      		.word	-30172
  90 0012 02F0      		.word	-4094
  91               	.global	keymaps
  94               	keymaps:
  95 0014 00        		.byte	0
  96 0015 00        		.byte	0
  97 0016 29        		.byte	41
  98 0017 2B        		.byte	43
  99 0018 C1        		.byte	-63
 100 0019 E1        		.byte	-31
 101 001a E3        		.byte	-29
 102 001b 00        		.byte	0
 103 001c 00        		.byte	0
 104 001d 00        		.byte	0
 105 001e 21        		.byte	33
 106 001f 09        		.byte	9
 107 0020 C2        		.byte	-62
 108 0021 06        		.byte	6
 109 0022 16        		.byte	22
 110 0023 00        		.byte	0
 111 0024 00        		.byte	0
 112 0025 00        		.byte	0
 113 0026 20        		.byte	32
 114 0027 1A        		.byte	26
 115 0028 E2        		.byte	-30
 116 0029 1B        		.byte	27
 117 002a 15        		.byte	21
 118 002b 00        		.byte	0
 119 002c 00        		.byte	0
 120 002d 00        		.byte	0
 121 002e 1E        		.byte	30
 122 002f 00        		.byte	0
 123 0030 35        		.byte	53
 124 0031 00        		.byte	0
 125 0032 00        		.byte	0
 126 0033 00        		.byte	0
 127 0034 00        		.byte	0
 128 0035 00        		.byte	0
 129 0036 00        		.byte	0
 130 0037 00        		.byte	0
 131 0038 00        		.byte	0
 132 0039 00        		.byte	0
 133 003a 00        		.byte	0
 134 003b 00        		.byte	0
 135 003c 00        		.byte	0
 136 003d 00        		.byte	0
 137 003e 22        		.byte	34
 138 003f 13        		.byte	19
 139 0040 00        		.byte	0
 140 0041 19        		.byte	25
 141 0042 17        		.byte	23
 142 0043 00        		.byte	0
 143 0044 00        		.byte	0
 144 0045 00        		.byte	0
 145 0046 1F        		.byte	31
 146 0047 14        		.byte	20
 147 0048 E0        		.byte	-32
 148 0049 1D        		.byte	29
 149 004a 04        		.byte	4
 150 004b 00        		.byte	0
 151 004c 00        		.byte	0
 152 004d 00        		.byte	0
 153 004e 23        		.byte	35
 154 004f 0A        		.byte	10
 155 0050 2C        		.byte	44
 156 0051 05        		.byte	5
 157 0052 07        		.byte	7
 158 0053 00        		.byte	0
 159 0054 00        		.byte	0
 160 0055 00        		.byte	0
 161 0056 26        		.byte	38
 162 0057 18        		.byte	24
 163 0058 88        		.byte	-120
 164 0059 36        		.byte	54
 165 005a 08        		.byte	8
 166 005b 00        		.byte	0
 167 005c 00        		.byte	0
 168 005d 00        		.byte	0
 169 005e 25        		.byte	37
 170 005f 0F        		.byte	15
 171 0060 C9        		.byte	-55
 172 0061 10        		.byte	16
 173 0062 11        		.byte	17
 174 0063 00        		.byte	0
 175 0064 00        		.byte	0
 176 0065 00        		.byte	0
 177 0066 24        		.byte	36
 178 0067 0D        		.byte	13
 179 0068 00        		.byte	0
 180 0069 0E        		.byte	14
 181 006a 0B        		.byte	11
 182 006b 00        		.byte	0
 183 006c 00        		.byte	0
 184 006d 00        		.byte	0
 185 006e 27        		.byte	39
 186 006f 1C        		.byte	28
 187 0070 E6        		.byte	-26
 188 0071 37        		.byte	55
 189 0072 0C        		.byte	12
 190 0073 00        		.byte	0
 191 0074 00        		.byte	0
 192 0075 00        		.byte	0
 193 0076 2A        		.byte	42
 194 0077 00        		.byte	0
 195 0078 4F        		.byte	79
 196 0079 C8        		.byte	-56
 197 007a 28        		.byte	40
 198 007b 00        		.byte	0
 199 007c 00        		.byte	0
 200 007d 00        		.byte	0
 201 007e 35        		.byte	53
 202 007f 30        		.byte	48
 203 0080 51        		.byte	81
 204 0081 52        		.byte	82
 205 0082 31        		.byte	49
 206 0083 00        		.byte	0
 207 0084 00        		.byte	0
 208 0085 00        		.byte	0
 209 0086 2D        		.byte	45
 210 0087 33        		.byte	51
 211 0088 C1        		.byte	-63
 212 0089 38        		.byte	56
 213 008a 12        		.byte	18
 214 008b 00        		.byte	0
 215 008c 00        		.byte	0
 216 008d 00        		.byte	0
 217 008e 2E        		.byte	46
 218 008f 2F        		.byte	47
 219 0090 50        		.byte	80
 220 0091 87        		.byte	-121
 221 0092 34        		.byte	52
 222 0093 00        		.byte	0
 223 0094 00        		.byte	0
 224 0095 00        		.byte	0
 225 0096 A5        		.byte	-91
 226 0097 39        		.byte	57
 227 0098 01        		.byte	1
 228 0099 01        		.byte	1
 229 009a 01        		.byte	1
 230 009b 00        		.byte	0
 231 009c 00        		.byte	0
 232 009d 00        		.byte	0
 233 009e 3D        		.byte	61
 234 009f 01        		.byte	1
 235 00a0 01        		.byte	1
 236 00a1 01        		.byte	1
 237 00a2 01        		.byte	1
 238 00a3 00        		.byte	0
 239 00a4 00        		.byte	0
 240 00a5 00        		.byte	0
 241 00a6 3C        		.byte	60
 242 00a7 01        		.byte	1
 243 00a8 01        		.byte	1
 244 00a9 01        		.byte	1
 245 00aa A9        		.byte	-87
 246 00ab 00        		.byte	0
 247 00ac 00        		.byte	0
 248 00ad 00        		.byte	0
 249 00ae 3A        		.byte	58
 250 00af 00        		.byte	0
 251 00b0 01        		.byte	1
 252 00b1 00        		.byte	0
 253 00b2 00        		.byte	0
 254 00b3 00        		.byte	0
 255 00b4 00        		.byte	0
 256 00b5 00        		.byte	0
 257 00b6 00        		.byte	0
 258 00b7 00        		.byte	0
 259 00b8 00        		.byte	0
 260 00b9 00        		.byte	0
 261 00ba 00        		.byte	0
 262 00bb 00        		.byte	0
 263 00bc 00        		.byte	0
 264 00bd 00        		.byte	0
 265 00be 3E        		.byte	62
 266 00bf 01        		.byte	1
 267 00c0 00        		.byte	0
 268 00c1 01        		.byte	1
 269 00c2 01        		.byte	1
 270 00c3 00        		.byte	0
 271 00c4 00        		.byte	0
 272 00c5 00        		.byte	0
 273 00c6 3B        		.byte	59
 274 00c7 01        		.byte	1
 275 00c8 01        		.byte	1
 276 00c9 01        		.byte	1
 277 00ca AA        		.byte	-86
 278 00cb 00        		.byte	0
 279 00cc 00        		.byte	0
 280 00cd 00        		.byte	0
 281 00ce 3F        		.byte	63
 282 00cf 01        		.byte	1
 283 00d0 01        		.byte	1
 284 00d1 01        		.byte	1
 285 00d2 01        		.byte	1
 286 00d3 00        		.byte	0
 287 00d4 00        		.byte	0
 288 00d5 00        		.byte	0
 289 00d6 42        		.byte	66
 290 00d7 46        		.byte	70
 291 00d8 01        		.byte	1
 292 00d9 4D        		.byte	77
 293 00da 4A        		.byte	74
 294 00db 00        		.byte	0
 295 00dc 00        		.byte	0
 296 00dd 00        		.byte	0
 297 00de 41        		.byte	65
 298 00df 01        		.byte	1
 299 00e0 01        		.byte	1
 300 00e1 56        		.byte	86
 301 00e2 54        		.byte	84
 302 00e3 00        		.byte	0
 303 00e4 00        		.byte	0
 304 00e5 00        		.byte	0
 305 00e6 40        		.byte	64
 306 00e7 01        		.byte	1
 307 00e8 00        		.byte	0
 308 00e9 57        		.byte	87
 309 00ea 55        		.byte	85
 310 00eb 00        		.byte	0
 311 00ec 00        		.byte	0
 312 00ed 00        		.byte	0
 313 00ee 43        		.byte	67
 314 00ef 47        		.byte	71
 315 00f0 01        		.byte	1
 316 00f1 4E        		.byte	78
 317 00f2 4B        		.byte	75
 318 00f3 00        		.byte	0
 319 00f4 00        		.byte	0
 320 00f5 00        		.byte	0
 321 00f6 4C        		.byte	76
 322 00f7 00        		.byte	0
 323 00f8 01        		.byte	1
 324 00f9 01        		.byte	1
 325 00fa 58        		.byte	88
 326 00fb 00        		.byte	0
 327 00fc 00        		.byte	0
 328 00fd 00        		.byte	0
 329 00fe 49        		.byte	73
 330 00ff 01        		.byte	1
 331 0100 01        		.byte	1
 332 0101 01        		.byte	1
 333 0102 01        		.byte	1
 334 0103 00        		.byte	0
 335 0104 00        		.byte	0
 336 0105 00        		.byte	0
 337 0106 44        		.byte	68
 338 0107 48        		.byte	72
 339 0108 01        		.byte	1
 340 0109 51        		.byte	81
 341 010a 50        		.byte	80
 342 010b 00        		.byte	0
 343 010c 00        		.byte	0
 344 010d 00        		.byte	0
 345 010e 45        		.byte	69
 346 010f 52        		.byte	82
 347 0110 01        		.byte	1
 348 0111 01        		.byte	1
 349 0112 4F        		.byte	79
 350 0113 00        		.byte	0
 351 0114 00        		.byte	0
 352 0115 00        		.byte	0
 353 0116 A5        		.byte	-91
 354 0117 01        		.byte	1
 355 0118 01        		.byte	1
 356 0119 01        		.byte	1
 357 011a 01        		.byte	1
 358 011b 00        		.byte	0
 359 011c 00        		.byte	0
 360 011d 00        		.byte	0
 361 011e 3D        		.byte	61
 362 011f 01        		.byte	1
 363 0120 01        		.byte	1
 364 0121 01        		.byte	1
 365 0122 C4        		.byte	-60
 366 0123 00        		.byte	0
 367 0124 00        		.byte	0
 368 0125 00        		.byte	0
 369 0126 3C        		.byte	60
 370 0127 01        		.byte	1
 371 0128 01        		.byte	1
 372 0129 01        		.byte	1
 373 012a 01        		.byte	1
 374 012b 00        		.byte	0
 375 012c 00        		.byte	0
 376 012d 00        		.byte	0
 377 012e 3A        		.byte	58
 378 012f 00        		.byte	0
 379 0130 01        		.byte	1
 380 0131 00        		.byte	0
 381 0132 00        		.byte	0
 382 0133 00        		.byte	0
 383 0134 00        		.byte	0
 384 0135 00        		.byte	0
 385 0136 00        		.byte	0
 386 0137 00        		.byte	0
 387 0138 00        		.byte	0
 388 0139 00        		.byte	0
 389 013a 00        		.byte	0
 390 013b 00        		.byte	0
 391 013c 00        		.byte	0
 392 013d 00        		.byte	0
 393 013e 3E        		.byte	62
 394 013f 01        		.byte	1
 395 0140 00        		.byte	0
 396 0141 01        		.byte	1
 397 0142 C5        		.byte	-59
 398 0143 00        		.byte	0
 399 0144 00        		.byte	0
 400 0145 00        		.byte	0
 401 0146 3B        		.byte	59
 402 0147 01        		.byte	1
 403 0148 01        		.byte	1
 404 0149 01        		.byte	1
 405 014a 01        		.byte	1
 406 014b 00        		.byte	0
 407 014c 00        		.byte	0
 408 014d 00        		.byte	0
 409 014e 3F        		.byte	63
 410 014f 01        		.byte	1
 411 0150 01        		.byte	1
 412 0151 01        		.byte	1
 413 0152 01        		.byte	1
 414 0153 00        		.byte	0
 415 0154 00        		.byte	0
 416 0155 00        		.byte	0
 417 0156 42        		.byte	66
 418 0157 71        		.byte	113
 419 0158 01        		.byte	1
 420 0159 01        		.byte	1
 421 015a 52        		.byte	82
 422 015b 00        		.byte	0
 423 015c 00        		.byte	0
 424 015d 00        		.byte	0
 425 015e 41        		.byte	65
 426 015f 70        		.byte	112
 427 0160 C9        		.byte	-55
 428 0161 01        		.byte	1
 429 0162 51        		.byte	81
 430 0163 00        		.byte	0
 431 0164 00        		.byte	0
 432 0165 00        		.byte	0
 433 0166 40        		.byte	64
 434 0167 01        		.byte	1
 435 0168 00        		.byte	0
 436 0169 2A        		.byte	42
 437 016a 50        		.byte	80
 438 016b 00        		.byte	0
 439 016c 00        		.byte	0
 440 016d 00        		.byte	0
 441 016e 43        		.byte	67
 442 016f 72        		.byte	114
 443 0170 01        		.byte	1
 444 0171 01        		.byte	1
 445 0172 4F        		.byte	79
 446 0173 00        		.byte	0
 447 0174 00        		.byte	0
 448 0175 00        		.byte	0
 449 0176 4C        		.byte	76
 450 0177 00        		.byte	0
 451 0178 01        		.byte	1
 452 0179 01        		.byte	1
 453 017a 28        		.byte	40
 454 017b 00        		.byte	0
 455 017c 00        		.byte	0
 456 017d 00        		.byte	0
 457 017e 49        		.byte	73
 458 017f 01        		.byte	1
 459 0180 01        		.byte	1
 460 0181 01        		.byte	1
 461 0182 01        		.byte	1
 462 0183 00        		.byte	0
 463 0184 00        		.byte	0
 464 0185 00        		.byte	0
 465 0186 44        		.byte	68
 466 0187 73        		.byte	115
 467 0188 01        		.byte	1
 468 0189 01        		.byte	1
 469 018a 4C        		.byte	76
 470 018b 00        		.byte	0
 471 018c 00        		.byte	0
 472 018d 00        		.byte	0
 473 018e 45        		.byte	69
 474 018f 01        		.byte	1
 475 0190 01        		.byte	1
 476 0191 01        		.byte	1
 477 0192 01        		.byte	1
 478 0193 00        		.byte	0
 479 0194 00        		.byte	0
 480 0195 00        		.byte	0
 481 0196 A5        		.byte	-91
 482 0197 01        		.byte	1
 483 0198 01        		.byte	1
 484 0199 01        		.byte	1
 485 019a 01        		.byte	1
 486 019b 00        		.byte	0
 487 019c 00        		.byte	0
 488 019d 00        		.byte	0
 489 019e 3D        		.byte	61
 490 019f 69        		.byte	105
 491 01a0 C9        		.byte	-55
 492 01a1 01        		.byte	1
 493 01a2 01        		.byte	1
 494 01a3 00        		.byte	0
 495 01a4 00        		.byte	0
 496 01a5 00        		.byte	0
 497 01a6 3C        		.byte	60
 498 01a7 61        		.byte	97
 499 01a8 01        		.byte	1
 500 01a9 01        		.byte	1
 501 01aa 01        		.byte	1
 502 01ab 00        		.byte	0
 503 01ac 00        		.byte	0
 504 01ad 00        		.byte	0
 505 01ae 3A        		.byte	58
 506 01af 00        		.byte	0
 507 01b0 01        		.byte	1
 508 01b1 00        		.byte	0
 509 01b2 00        		.byte	0
 510 01b3 00        		.byte	0
 511 01b4 00        		.byte	0
 512 01b5 00        		.byte	0
 513 01b6 00        		.byte	0
 514 01b7 00        		.byte	0
 515 01b8 00        		.byte	0
 516 01b9 00        		.byte	0
 517 01ba 00        		.byte	0
 518 01bb 00        		.byte	0
 519 01bc 00        		.byte	0
 520 01bd 00        		.byte	0
 521 01be 3E        		.byte	62
 522 01bf 01        		.byte	1
 523 01c0 00        		.byte	0
 524 01c1 01        		.byte	1
 525 01c2 01        		.byte	1
 526 01c3 00        		.byte	0
 527 01c4 00        		.byte	0
 528 01c5 00        		.byte	0
 529 01c6 3B        		.byte	59
 530 01c7 01        		.byte	1
 531 01c8 01        		.byte	1
 532 01c9 62        		.byte	98
 533 01ca 01        		.byte	1
 534 01cb 00        		.byte	0
 535 01cc 00        		.byte	0
 536 01cd 00        		.byte	0
 537 01ce 3F        		.byte	63
 538 01cf 01        		.byte	1
 539 01d0 01        		.byte	1
 540 01d1 5D        		.byte	93
 541 01d2 01        		.byte	1
 542 01d3 00        		.byte	0
 543 01d4 00        		.byte	0
 544 01d5 00        		.byte	0
 545 01d6 42        		.byte	66
 546 01d7 5A        		.byte	90
 547 01d8 01        		.byte	1
 548 01d9 60        		.byte	96
 549 01da 6E        		.byte	110
 550 01db 00        		.byte	0
 551 01dc 00        		.byte	0
 552 01dd 00        		.byte	0
 553 01de 41        		.byte	65
 554 01df 59        		.byte	89
 555 01e0 01        		.byte	1
 556 01e1 5F        		.byte	95
 557 01e2 6B        		.byte	107
 558 01e3 00        		.byte	0
 559 01e4 00        		.byte	0
 560 01e5 00        		.byte	0
 561 01e6 40        		.byte	64
 562 01e7 01        		.byte	1
 563 01e8 00        		.byte	0
 564 01e9 5E        		.byte	94
 565 01ea 68        		.byte	104
 566 01eb 00        		.byte	0
 567 01ec 00        		.byte	0
 568 01ed 00        		.byte	0
 569 01ee 43        		.byte	67
 570 01ef 5B        		.byte	91
 571 01f0 01        		.byte	1
 572 01f1 01        		.byte	1
 573 01f2 6C        		.byte	108
 574 01f3 00        		.byte	0
 575 01f4 00        		.byte	0
 576 01f5 00        		.byte	0
 577 01f6 4C        		.byte	76
 578 01f7 00        		.byte	0
 579 01f8 01        		.byte	1
 580 01f9 01        		.byte	1
 581 01fa 28        		.byte	40
 582 01fb 00        		.byte	0
 583 01fc 00        		.byte	0
 584 01fd 00        		.byte	0
 585 01fe 49        		.byte	73
 586 01ff 01        		.byte	1
 587 0200 01        		.byte	1
 588 0201 01        		.byte	1
 589 0202 01        		.byte	1
 590 0203 00        		.byte	0
 591 0204 00        		.byte	0
 592 0205 00        		.byte	0
 593 0206 44        		.byte	68
 594 0207 5C        		.byte	92
 595 0208 01        		.byte	1
 596 0209 01        		.byte	1
 597 020a 6D        		.byte	109
 598 020b 00        		.byte	0
 599 020c 00        		.byte	0
 600 020d 00        		.byte	0
 601 020e 45        		.byte	69
 602 020f 01        		.byte	1
 603 0210 01        		.byte	1
 604 0211 01        		.byte	1
 605 0212 01        		.byte	1
 606 0213 00        		.byte	0
 607 0214 00        		.byte	0
 608 0215 00        		.byte	0
 609 0216 A5        		.byte	-91
 610 0217 01        		.byte	1
 611 0218 01        		.byte	1
 612 0219 01        		.byte	1
 613 021a 01        		.byte	1
 614 021b 00        		.byte	0
 615 021c 00        		.byte	0
 616 021d 00        		.byte	0
 617 021e 01        		.byte	1
 618 021f 01        		.byte	1
 619 0220 01        		.byte	1
 620 0221 01        		.byte	1
 621 0222 01        		.byte	1
 622 0223 00        		.byte	0
 623 0224 00        		.byte	0
 624 0225 00        		.byte	0
 625 0226 01        		.byte	1
 626 0227 01        		.byte	1
 627 0228 01        		.byte	1
 628 0229 01        		.byte	1
 629 022a 01        		.byte	1
 630 022b 00        		.byte	0
 631 022c 00        		.byte	0
 632 022d 00        		.byte	0
 633 022e 01        		.byte	1
 634 022f 00        		.byte	0
 635 0230 01        		.byte	1
 636 0231 00        		.byte	0
 637 0232 00        		.byte	0
 638 0233 00        		.byte	0
 639 0234 00        		.byte	0
 640 0235 00        		.byte	0
 641 0236 00        		.byte	0
 642 0237 00        		.byte	0
 643 0238 00        		.byte	0
 644 0239 00        		.byte	0
 645 023a 00        		.byte	0
 646 023b 00        		.byte	0
 647 023c 00        		.byte	0
 648 023d 00        		.byte	0
 649 023e 01        		.byte	1
 650 023f 01        		.byte	1
 651 0240 00        		.byte	0
 652 0241 01        		.byte	1
 653 0242 01        		.byte	1
 654 0243 00        		.byte	0
 655 0244 00        		.byte	0
 656 0245 00        		.byte	0
 657 0246 01        		.byte	1
 658 0247 01        		.byte	1
 659 0248 01        		.byte	1
 660 0249 01        		.byte	1
 661 024a 01        		.byte	1
 662 024b 00        		.byte	0
 663 024c 00        		.byte	0
 664 024d 00        		.byte	0
 665 024e 01        		.byte	1
 666 024f 01        		.byte	1
 667 0250 01        		.byte	1
 668 0251 01        		.byte	1
 669 0252 01        		.byte	1
 670 0253 00        		.byte	0
 671 0254 00        		.byte	0
 672 0255 00        		.byte	0
 673 0256 26        		.byte	38
 674 0257 22        		.byte	34
 675 0258 01        		.byte	1
 676 0259 01        		.byte	1
 677 025a 1F        		.byte	31
 678 025b 00        		.byte	0
 679 025c 00        		.byte	0
 680 025d 00        		.byte	0
 681 025e 25        		.byte	37
 682 025f 21        		.byte	33
 683 0260 01        		.byte	1
 684 0261 01        		.byte	1
 685 0262 1E        		.byte	30
 686 0263 00        		.byte	0
 687 0264 00        		.byte	0
 688 0265 00        		.byte	0
 689 0266 24        		.byte	36
 690 0267 01        		.byte	1
 691 0268 00        		.byte	0
 692 0269 01        		.byte	1
 693 026a 27        		.byte	39
 694 026b 00        		.byte	0
 695 026c 00        		.byte	0
 696 026d 00        		.byte	0
 697 026e 01        		.byte	1
 698 026f 23        		.byte	35
 699 0270 01        		.byte	1
 700 0271 01        		.byte	1
 701 0272 20        		.byte	32
 702 0273 00        		.byte	0
 703 0274 00        		.byte	0
 704 0275 00        		.byte	0
 705 0276 01        		.byte	1
 706 0277 00        		.byte	0
 707 0278 01        		.byte	1
 708 0279 01        		.byte	1
 709 027a 28        		.byte	40
 710 027b 00        		.byte	0
 711 027c 00        		.byte	0
 712 027d 00        		.byte	0
 713 027e 01        		.byte	1
 714 027f 01        		.byte	1
 715 0280 01        		.byte	1
 716 0281 01        		.byte	1
 717 0282 01        		.byte	1
 718 0283 00        		.byte	0
 719 0284 00        		.byte	0
 720 0285 00        		.byte	0
 721 0286 01        		.byte	1
 722 0287 01        		.byte	1
 723 0288 01        		.byte	1
 724 0289 01        		.byte	1
 725 028a 01        		.byte	1
 726 028b 00        		.byte	0
 727 028c 00        		.byte	0
 728 028d 00        		.byte	0
 729 028e 01        		.byte	1
 730 028f 01        		.byte	1
 731 0290 01        		.byte	1
 732 0291 01        		.byte	1
 733 0292 01        		.byte	1
 734 0293 00        		.byte	0
 735 0294 00        		.byte	0
 736 0295 00        		.byte	0
 737 0296 A5        		.byte	-91
 738 0297 01        		.byte	1
 739 0298 01        		.byte	1
 740 0299 01        		.byte	1
 741 029a 01        		.byte	1
 742 029b 00        		.byte	0
 743 029c 00        		.byte	0
 744 029d 00        		.byte	0
 745 029e 01        		.byte	1
 746 029f 01        		.byte	1
 747 02a0 01        		.byte	1
 748 02a1 01        		.byte	1
 749 02a2 01        		.byte	1
 750 02a3 00        		.byte	0
 751 02a4 00        		.byte	0
 752 02a5 00        		.byte	0
 753 02a6 01        		.byte	1
 754 02a7 01        		.byte	1
 755 02a8 01        		.byte	1
 756 02a9 01        		.byte	1
 757 02aa 01        		.byte	1
 758 02ab 00        		.byte	0
 759 02ac 00        		.byte	0
 760 02ad 00        		.byte	0
 761 02ae 01        		.byte	1
 762 02af 00        		.byte	0
 763 02b0 01        		.byte	1
 764 02b1 00        		.byte	0
 765 02b2 00        		.byte	0
 766 02b3 00        		.byte	0
 767 02b4 00        		.byte	0
 768 02b5 00        		.byte	0
 769 02b6 00        		.byte	0
 770 02b7 00        		.byte	0
 771 02b8 00        		.byte	0
 772 02b9 00        		.byte	0
 773 02ba 00        		.byte	0
 774 02bb 00        		.byte	0
 775 02bc 00        		.byte	0
 776 02bd 00        		.byte	0
 777 02be 01        		.byte	1
 778 02bf 01        		.byte	1
 779 02c0 00        		.byte	0
 780 02c1 01        		.byte	1
 781 02c2 01        		.byte	1
 782 02c3 00        		.byte	0
 783 02c4 00        		.byte	0
 784 02c5 00        		.byte	0
 785 02c6 01        		.byte	1
 786 02c7 01        		.byte	1
 787 02c8 01        		.byte	1
 788 02c9 01        		.byte	1
 789 02ca 01        		.byte	1
 790 02cb 00        		.byte	0
 791 02cc 00        		.byte	0
 792 02cd 00        		.byte	0
 793 02ce 01        		.byte	1
 794 02cf 01        		.byte	1
 795 02d0 01        		.byte	1
 796 02d1 01        		.byte	1
 797 02d2 01        		.byte	1
 798 02d3 00        		.byte	0
 799 02d4 00        		.byte	0
 800 02d5 00        		.byte	0
 801 02d6 01        		.byte	1
 802 02d7 30        		.byte	48
 803 02d8 01        		.byte	1
 804 02d9 C7        		.byte	-57
 805 02da 2D        		.byte	45
 806 02db 00        		.byte	0
 807 02dc 00        		.byte	0
 808 02dd 00        		.byte	0
 809 02de 01        		.byte	1
 810 02df 2F        		.byte	47
 811 02e0 01        		.byte	1
 812 02e1 C6        		.byte	-58
 813 02e2 57        		.byte	87
 814 02e3 00        		.byte	0
 815 02e4 00        		.byte	0
 816 02e5 00        		.byte	0
 817 02e6 01        		.byte	1
 818 02e7 01        		.byte	1
 819 02e8 00        		.byte	0
 820 02e9 01        		.byte	1
 821 02ea 55        		.byte	85
 822 02eb 00        		.byte	0
 823 02ec 00        		.byte	0
 824 02ed 00        		.byte	0
 825 02ee 01        		.byte	1
 826 02ef 01        		.byte	1
 827 02f0 01        		.byte	1
 828 02f1 01        		.byte	1
 829 02f2 38        		.byte	56
 830 02f3 00        		.byte	0
 831 02f4 00        		.byte	0
 832 02f5 00        		.byte	0
 833 02f6 01        		.byte	1
 834 02f7 00        		.byte	0
 835 02f8 01        		.byte	1
 836 02f9 01        		.byte	1
 837 02fa 28        		.byte	40
 838 02fb 00        		.byte	0
 839 02fc 00        		.byte	0
 840 02fd 00        		.byte	0
 841 02fe 01        		.byte	1
 842 02ff 01        		.byte	1
 843 0300 01        		.byte	1
 844 0301 01        		.byte	1
 845 0302 01        		.byte	1
 846 0303 00        		.byte	0
 847 0304 00        		.byte	0
 848 0305 00        		.byte	0
 849 0306 01        		.byte	1
 850 0307 01        		.byte	1
 851 0308 01        		.byte	1
 852 0309 01        		.byte	1
 853 030a 01        		.byte	1
 854 030b 00        		.byte	0
 855 030c 00        		.byte	0
 856 030d 00        		.byte	0
 857 030e 01        		.byte	1
 858 030f 01        		.byte	1
 859 0310 01        		.byte	1
 860 0311 01        		.byte	1
 861 0312 01        		.byte	1
 862 0313 00        		.byte	0
 863 0314 00        		.byte	0
 864 0315 00        		.byte	0
 865 0316 29        		.byte	41
 866 0317 2B        		.byte	43
 867 0318 C1        		.byte	-63
 868 0319 E1        		.byte	-31
 869 031a E3        		.byte	-29
 870 031b 00        		.byte	0
 871 031c 00        		.byte	0
 872 031d 00        		.byte	0
 873 031e 21        		.byte	33
 874 031f 08        		.byte	8
 875 0320 C2        		.byte	-62
 876 0321 06        		.byte	6
 877 0322 07        		.byte	7
 878 0323 00        		.byte	0
 879 0324 00        		.byte	0
 880 0325 00        		.byte	0
 881 0326 20        		.byte	32
 882 0327 1A        		.byte	26
 883 0328 E2        		.byte	-30
 884 0329 1B        		.byte	27
 885 032a 16        		.byte	22
 886 032b 00        		.byte	0
 887 032c 00        		.byte	0
 888 032d 00        		.byte	0
 889 032e 1E        		.byte	30
 890 032f 00        		.byte	0
 891 0330 35        		.byte	53
 892 0331 00        		.byte	0
 893 0332 00        		.byte	0
 894 0333 00        		.byte	0
 895 0334 00        		.byte	0
 896 0335 00        		.byte	0
 897 0336 00        		.byte	0
 898 0337 00        		.byte	0
 899 0338 00        		.byte	0
 900 0339 00        		.byte	0
 901 033a 00        		.byte	0
 902 033b 00        		.byte	0
 903 033c 00        		.byte	0
 904 033d 00        		.byte	0
 905 033e 22        		.byte	34
 906 033f 15        		.byte	21
 907 0340 00        		.byte	0
 908 0341 19        		.byte	25
 909 0342 09        		.byte	9
 910 0343 00        		.byte	0
 911 0344 00        		.byte	0
 912 0345 00        		.byte	0
 913 0346 1F        		.byte	31
 914 0347 14        		.byte	20
 915 0348 E0        		.byte	-32
 916 0349 1D        		.byte	29
 917 034a 04        		.byte	4
 918 034b 00        		.byte	0
 919 034c 00        		.byte	0
 920 034d 00        		.byte	0
 921 034e 23        		.byte	35
 922 034f 17        		.byte	23
 923 0350 2C        		.byte	44
 924 0351 05        		.byte	5
 925 0352 0A        		.byte	10
 926 0353 00        		.byte	0
 927 0354 00        		.byte	0
 928 0355 00        		.byte	0
 929 0356 26        		.byte	38
 930 0357 0C        		.byte	12
 931 0358 88        		.byte	-120
 932 0359 36        		.byte	54
 933 035a 0E        		.byte	14
 934 035b 00        		.byte	0
 935 035c 00        		.byte	0
 936 035d 00        		.byte	0
 937 035e 25        		.byte	37
 938 035f 18        		.byte	24
 939 0360 C3        		.byte	-61
 940 0361 10        		.byte	16
 941 0362 0D        		.byte	13
 942 0363 00        		.byte	0
 943 0364 00        		.byte	0
 944 0365 00        		.byte	0
 945 0366 24        		.byte	36
 946 0367 1C        		.byte	28
 947 0368 00        		.byte	0
 948 0369 11        		.byte	17
 949 036a 0B        		.byte	11
 950 036b 00        		.byte	0
 951 036c 00        		.byte	0
 952 036d 00        		.byte	0
 953 036e 27        		.byte	39
 954 036f 12        		.byte	18
 955 0370 E6        		.byte	-26
 956 0371 37        		.byte	55
 957 0372 0F        		.byte	15
 958 0373 00        		.byte	0
 959 0374 00        		.byte	0
 960 0375 00        		.byte	0
 961 0376 2A        		.byte	42
 962 0377 00        		.byte	0
 963 0378 4F        		.byte	79
 964 0379 C8        		.byte	-56
 965 037a 28        		.byte	40
 966 037b 00        		.byte	0
 967 037c 00        		.byte	0
 968 037d 00        		.byte	0
 969 037e 89        		.byte	-119
 970 037f 30        		.byte	48
 971 0380 51        		.byte	81
 972 0381 52        		.byte	82
 973 0382 31        		.byte	49
 974 0383 00        		.byte	0
 975 0384 00        		.byte	0
 976 0385 00        		.byte	0
 977 0386 2D        		.byte	45
 978 0387 13        		.byte	19
 979 0388 C1        		.byte	-63
 980 0389 38        		.byte	56
 981 038a 33        		.byte	51
 982 038b 00        		.byte	0
 983 038c 00        		.byte	0
 984 038d 00        		.byte	0
 985 038e 2E        		.byte	46
 986 038f 2F        		.byte	47
 987 0390 50        		.byte	80
 988 0391 87        		.byte	-121
 989 0392 34        		.byte	52
 990 0393 00        		.byte	0
 991               		.comm	keymap_config,1,1
 992               		.text
 993               	.Letext0:
 994               		.file 2 "/usr/local/Cellar/avr-gcc/4.7.2/lib/gcc/avr/4.7.2/../../../../avr/include/stdint.h"
 995               		.file 3 "../../common/keycode.h"
 996               		.file 4 "../../common/keyboard.h"
 997               		.file 5 "../../common/action_code.h"
 998               		.file 6 "../../common/action.h"
 999               		.file 7 "../../common/keymap.h"
 1000               		.file 8 "../../protocol/lufa/LUFA-120730/LUFA/Drivers/USB/Core/USBTask.h"
 1001               		.file 9 "../../common/action_util.h"
DEFINED SYMBOLS
                            *ABS*:0000000000000000 keymap_jp.c
/var/folders/v2/b1yj77p14vj4p1lnqz7_zzbr0000gn/T//cc1ymVI4.s:2      *ABS*:000000000000003e __SP_H__
/var/folders/v2/b1yj77p14vj4p1lnqz7_zzbr0000gn/T//cc1ymVI4.s:3      *ABS*:000000000000003d __SP_L__
/var/folders/v2/b1yj77p14vj4p1lnqz7_zzbr0000gn/T//cc1ymVI4.s:4      *ABS*:000000000000003f __SREG__
/var/folders/v2/b1yj77p14vj4p1lnqz7_zzbr0000gn/T//cc1ymVI4.s:5      *ABS*:0000000000000000 __tmp_reg__
/var/folders/v2/b1yj77p14vj4p1lnqz7_zzbr0000gn/T//cc1ymVI4.s:6      *ABS*:0000000000000001 __zero_reg__
/var/folders/v2/b1yj77p14vj4p1lnqz7_zzbr0000gn/T//cc1ymVI4.s:13     .text.action_function:0000000000000000 action_function
/var/folders/v2/b1yj77p14vj4p1lnqz7_zzbr0000gn/T//cc1ymVI4.s:80     .progmem.data:0000000000000000 fn_actions
/var/folders/v2/b1yj77p14vj4p1lnqz7_zzbr0000gn/T//cc1ymVI4.s:94     .progmem.data:0000000000000014 keymaps
                            *COM*:0000000000000001 keymap_config

UNDEFINED SYMBOLS
add_weak_mods
del_weak_mods
send_keyboard_report
__do_clear_bss
