   1               		.file	"ConfigDescriptors.c"
   2               	__SP_H__ = 0x3e
   3               	__SP_L__ = 0x3d
   4               	__SREG__ = 0x3f
   5               	__tmp_reg__ = 0
   6               	__zero_reg__ = 1
   7               		.text
   8               	.Ltext0:
   9               		.cfi_sections	.debug_frame
  10               		.section	.text.USB_GetNextDescriptor,"ax",@progbits
  12               	USB_GetNextDescriptor:
  13               	.LFB86:
  14               		.file 1 "../../protocol/lufa/LUFA-120730/LUFA/Drivers/USB/Core/ConfigDescriptors.h"
   1:../../protocol/lufa/LUFA-120730/LUFA/Drivers/USB/Core/ConfigDescriptors.h **** /*
   2:../../protocol/lufa/LUFA-120730/LUFA/Drivers/USB/Core/ConfigDescriptors.h ****              LUFA Library
   3:../../protocol/lufa/LUFA-120730/LUFA/Drivers/USB/Core/ConfigDescriptors.h ****      Copyright (C) Dean Camera, 2012.
   4:../../protocol/lufa/LUFA-120730/LUFA/Drivers/USB/Core/ConfigDescriptors.h **** 
   5:../../protocol/lufa/LUFA-120730/LUFA/Drivers/USB/Core/ConfigDescriptors.h ****   dean [at] fourwalledcubicle [dot] com
   6:../../protocol/lufa/LUFA-120730/LUFA/Drivers/USB/Core/ConfigDescriptors.h ****            www.lufa-lib.org
   7:../../protocol/lufa/LUFA-120730/LUFA/Drivers/USB/Core/ConfigDescriptors.h **** */
   8:../../protocol/lufa/LUFA-120730/LUFA/Drivers/USB/Core/ConfigDescriptors.h **** 
   9:../../protocol/lufa/LUFA-120730/LUFA/Drivers/USB/Core/ConfigDescriptors.h **** /*
  10:../../protocol/lufa/LUFA-120730/LUFA/Drivers/USB/Core/ConfigDescriptors.h ****   Copyright 2012  Dean Camera (dean [at] fourwalledcubicle [dot] com)
  11:../../protocol/lufa/LUFA-120730/LUFA/Drivers/USB/Core/ConfigDescriptors.h **** 
  12:../../protocol/lufa/LUFA-120730/LUFA/Drivers/USB/Core/ConfigDescriptors.h ****   Permission to use, copy, modify, distribute, and sell this
  13:../../protocol/lufa/LUFA-120730/LUFA/Drivers/USB/Core/ConfigDescriptors.h ****   software and its documentation for any purpose is hereby granted
  14:../../protocol/lufa/LUFA-120730/LUFA/Drivers/USB/Core/ConfigDescriptors.h ****   without fee, provided that the above copyright notice appear in
  15:../../protocol/lufa/LUFA-120730/LUFA/Drivers/USB/Core/ConfigDescriptors.h ****   all copies and that both that the copyright notice and this
  16:../../protocol/lufa/LUFA-120730/LUFA/Drivers/USB/Core/ConfigDescriptors.h ****   permission notice and warranty disclaimer appear in supporting
  17:../../protocol/lufa/LUFA-120730/LUFA/Drivers/USB/Core/ConfigDescriptors.h ****   documentation, and that the name of the author not be used in
  18:../../protocol/lufa/LUFA-120730/LUFA/Drivers/USB/Core/ConfigDescriptors.h ****   advertising or publicity pertaining to distribution of the
  19:../../protocol/lufa/LUFA-120730/LUFA/Drivers/USB/Core/ConfigDescriptors.h ****   software without specific, written prior permission.
  20:../../protocol/lufa/LUFA-120730/LUFA/Drivers/USB/Core/ConfigDescriptors.h **** 
  21:../../protocol/lufa/LUFA-120730/LUFA/Drivers/USB/Core/ConfigDescriptors.h ****   The author disclaim all warranties with regard to this
  22:../../protocol/lufa/LUFA-120730/LUFA/Drivers/USB/Core/ConfigDescriptors.h ****   software, including all implied warranties of merchantability
  23:../../protocol/lufa/LUFA-120730/LUFA/Drivers/USB/Core/ConfigDescriptors.h ****   and fitness.  In no event shall the author be liable for any
  24:../../protocol/lufa/LUFA-120730/LUFA/Drivers/USB/Core/ConfigDescriptors.h ****   special, indirect or consequential damages or any damages
  25:../../protocol/lufa/LUFA-120730/LUFA/Drivers/USB/Core/ConfigDescriptors.h ****   whatsoever resulting from loss of use, data or profits, whether
  26:../../protocol/lufa/LUFA-120730/LUFA/Drivers/USB/Core/ConfigDescriptors.h ****   in an action of contract, negligence or other tortious action,
  27:../../protocol/lufa/LUFA-120730/LUFA/Drivers/USB/Core/ConfigDescriptors.h ****   arising out of or in connection with the use or performance of
  28:../../protocol/lufa/LUFA-120730/LUFA/Drivers/USB/Core/ConfigDescriptors.h ****   this software.
  29:../../protocol/lufa/LUFA-120730/LUFA/Drivers/USB/Core/ConfigDescriptors.h **** */
  30:../../protocol/lufa/LUFA-120730/LUFA/Drivers/USB/Core/ConfigDescriptors.h **** 
  31:../../protocol/lufa/LUFA-120730/LUFA/Drivers/USB/Core/ConfigDescriptors.h **** /** \file
  32:../../protocol/lufa/LUFA-120730/LUFA/Drivers/USB/Core/ConfigDescriptors.h ****  *  \brief USB Configuration Descriptor definitions.
  33:../../protocol/lufa/LUFA-120730/LUFA/Drivers/USB/Core/ConfigDescriptors.h ****  *  \copydetails Group_ConfigDescriptorParser
  34:../../protocol/lufa/LUFA-120730/LUFA/Drivers/USB/Core/ConfigDescriptors.h ****  *
  35:../../protocol/lufa/LUFA-120730/LUFA/Drivers/USB/Core/ConfigDescriptors.h ****  *  \note This file should not be included directly. It is automatically included as needed by the 
  36:../../protocol/lufa/LUFA-120730/LUFA/Drivers/USB/Core/ConfigDescriptors.h ****  *        dispatch header located in LUFA/Drivers/USB/USB.h.
  37:../../protocol/lufa/LUFA-120730/LUFA/Drivers/USB/Core/ConfigDescriptors.h ****  */
  38:../../protocol/lufa/LUFA-120730/LUFA/Drivers/USB/Core/ConfigDescriptors.h **** 
  39:../../protocol/lufa/LUFA-120730/LUFA/Drivers/USB/Core/ConfigDescriptors.h **** /** \ingroup Group_StdDescriptors
  40:../../protocol/lufa/LUFA-120730/LUFA/Drivers/USB/Core/ConfigDescriptors.h ****  *  \defgroup Group_ConfigDescriptorParser Configuration Descriptor Parser
  41:../../protocol/lufa/LUFA-120730/LUFA/Drivers/USB/Core/ConfigDescriptors.h ****  *  \brief USB Configuration Descriptor definitions.
  42:../../protocol/lufa/LUFA-120730/LUFA/Drivers/USB/Core/ConfigDescriptors.h ****  *
  43:../../protocol/lufa/LUFA-120730/LUFA/Drivers/USB/Core/ConfigDescriptors.h ****  *  This section of the library gives a friendly API which can be used in host applications to easi
  44:../../protocol/lufa/LUFA-120730/LUFA/Drivers/USB/Core/ConfigDescriptors.h ****  *  parse an attached device's configuration descriptor so that endpoint, interface and other descr
  45:../../protocol/lufa/LUFA-120730/LUFA/Drivers/USB/Core/ConfigDescriptors.h ****  *  data can be extracted and used as needed.
  46:../../protocol/lufa/LUFA-120730/LUFA/Drivers/USB/Core/ConfigDescriptors.h ****  *
  47:../../protocol/lufa/LUFA-120730/LUFA/Drivers/USB/Core/ConfigDescriptors.h ****  *  @{
  48:../../protocol/lufa/LUFA-120730/LUFA/Drivers/USB/Core/ConfigDescriptors.h ****  */
  49:../../protocol/lufa/LUFA-120730/LUFA/Drivers/USB/Core/ConfigDescriptors.h **** 
  50:../../protocol/lufa/LUFA-120730/LUFA/Drivers/USB/Core/ConfigDescriptors.h **** #ifndef __CONFIGDESCRIPTOR_H__
  51:../../protocol/lufa/LUFA-120730/LUFA/Drivers/USB/Core/ConfigDescriptors.h **** #define __CONFIGDESCRIPTOR_H__
  52:../../protocol/lufa/LUFA-120730/LUFA/Drivers/USB/Core/ConfigDescriptors.h **** 
  53:../../protocol/lufa/LUFA-120730/LUFA/Drivers/USB/Core/ConfigDescriptors.h **** 	/* Includes: */
  54:../../protocol/lufa/LUFA-120730/LUFA/Drivers/USB/Core/ConfigDescriptors.h **** 		#include "../../../Common/Common.h"
  55:../../protocol/lufa/LUFA-120730/LUFA/Drivers/USB/Core/ConfigDescriptors.h **** 		#include "USBMode.h"
  56:../../protocol/lufa/LUFA-120730/LUFA/Drivers/USB/Core/ConfigDescriptors.h **** 		#include "HostStandardReq.h"
  57:../../protocol/lufa/LUFA-120730/LUFA/Drivers/USB/Core/ConfigDescriptors.h **** 		#include "StdDescriptors.h"
  58:../../protocol/lufa/LUFA-120730/LUFA/Drivers/USB/Core/ConfigDescriptors.h **** 
  59:../../protocol/lufa/LUFA-120730/LUFA/Drivers/USB/Core/ConfigDescriptors.h **** 	/* Enable C linkage for C++ Compilers: */
  60:../../protocol/lufa/LUFA-120730/LUFA/Drivers/USB/Core/ConfigDescriptors.h **** 		#if defined(__cplusplus)
  61:../../protocol/lufa/LUFA-120730/LUFA/Drivers/USB/Core/ConfigDescriptors.h **** 			extern "C" {
  62:../../protocol/lufa/LUFA-120730/LUFA/Drivers/USB/Core/ConfigDescriptors.h **** 		#endif
  63:../../protocol/lufa/LUFA-120730/LUFA/Drivers/USB/Core/ConfigDescriptors.h **** 
  64:../../protocol/lufa/LUFA-120730/LUFA/Drivers/USB/Core/ConfigDescriptors.h **** 	/* Preprocessor Checks: */
  65:../../protocol/lufa/LUFA-120730/LUFA/Drivers/USB/Core/ConfigDescriptors.h **** 		#if !defined(__INCLUDE_FROM_USB_DRIVER)
  66:../../protocol/lufa/LUFA-120730/LUFA/Drivers/USB/Core/ConfigDescriptors.h **** 			#error Do not include this file directly. Include LUFA/Drivers/USB/USB.h instead.
  67:../../protocol/lufa/LUFA-120730/LUFA/Drivers/USB/Core/ConfigDescriptors.h **** 		#endif
  68:../../protocol/lufa/LUFA-120730/LUFA/Drivers/USB/Core/ConfigDescriptors.h **** 
  69:../../protocol/lufa/LUFA-120730/LUFA/Drivers/USB/Core/ConfigDescriptors.h **** 	/* Public Interface - May be used in end-application: */
  70:../../protocol/lufa/LUFA-120730/LUFA/Drivers/USB/Core/ConfigDescriptors.h **** 		/* Macros: */
  71:../../protocol/lufa/LUFA-120730/LUFA/Drivers/USB/Core/ConfigDescriptors.h **** 			/** Casts a pointer to a descriptor inside the configuration descriptor into a pointer to the gi
  72:../../protocol/lufa/LUFA-120730/LUFA/Drivers/USB/Core/ConfigDescriptors.h **** 			 *  descriptor type.
  73:../../protocol/lufa/LUFA-120730/LUFA/Drivers/USB/Core/ConfigDescriptors.h **** 			 *
  74:../../protocol/lufa/LUFA-120730/LUFA/Drivers/USB/Core/ConfigDescriptors.h **** 			 *  Usage Example:
  75:../../protocol/lufa/LUFA-120730/LUFA/Drivers/USB/Core/ConfigDescriptors.h **** 			 *  \code
  76:../../protocol/lufa/LUFA-120730/LUFA/Drivers/USB/Core/ConfigDescriptors.h **** 			 *  uint8_t* CurrDescriptor = &ConfigDescriptor[0]; // Pointing to the configuration header
  77:../../protocol/lufa/LUFA-120730/LUFA/Drivers/USB/Core/ConfigDescriptors.h **** 			 *  USB_Descriptor_Configuration_Header_t* ConfigHeaderPtr = DESCRIPTOR_PCAST(CurrDescriptor,
  78:../../protocol/lufa/LUFA-120730/LUFA/Drivers/USB/Core/ConfigDescriptors.h **** 			 *                                                           USB_Descriptor_Configuration_Header
  79:../../protocol/lufa/LUFA-120730/LUFA/Drivers/USB/Core/ConfigDescriptors.h **** 			 *  
  80:../../protocol/lufa/LUFA-120730/LUFA/Drivers/USB/Core/ConfigDescriptors.h **** 			 *  // Can now access elements of the configuration header struct using the -> indirection opera
  81:../../protocol/lufa/LUFA-120730/LUFA/Drivers/USB/Core/ConfigDescriptors.h **** 			 *  \endcode
  82:../../protocol/lufa/LUFA-120730/LUFA/Drivers/USB/Core/ConfigDescriptors.h **** 			 */
  83:../../protocol/lufa/LUFA-120730/LUFA/Drivers/USB/Core/ConfigDescriptors.h **** 			#define DESCRIPTOR_PCAST(DescriptorPtr, Type) ((Type*)(DescriptorPtr))
  84:../../protocol/lufa/LUFA-120730/LUFA/Drivers/USB/Core/ConfigDescriptors.h **** 
  85:../../protocol/lufa/LUFA-120730/LUFA/Drivers/USB/Core/ConfigDescriptors.h **** 			/** Casts a pointer to a descriptor inside the configuration descriptor into the given descripto
  86:../../protocol/lufa/LUFA-120730/LUFA/Drivers/USB/Core/ConfigDescriptors.h **** 			 *  type (as an actual struct instance rather than a pointer to a struct).
  87:../../protocol/lufa/LUFA-120730/LUFA/Drivers/USB/Core/ConfigDescriptors.h **** 			 *
  88:../../protocol/lufa/LUFA-120730/LUFA/Drivers/USB/Core/ConfigDescriptors.h **** 			 *  Usage Example:
  89:../../protocol/lufa/LUFA-120730/LUFA/Drivers/USB/Core/ConfigDescriptors.h **** 			 *  \code
  90:../../protocol/lufa/LUFA-120730/LUFA/Drivers/USB/Core/ConfigDescriptors.h **** 			 *  uint8_t* CurrDescriptor = &ConfigDescriptor[0]; // Pointing to the configuration header
  91:../../protocol/lufa/LUFA-120730/LUFA/Drivers/USB/Core/ConfigDescriptors.h **** 			 *  USB_Descriptor_Configuration_Header_t ConfigHeader = DESCRIPTOR_CAST(CurrDescriptor,
  92:../../protocol/lufa/LUFA-120730/LUFA/Drivers/USB/Core/ConfigDescriptors.h **** 			 *                                                       USB_Descriptor_Configuration_Header_t);
  93:../../protocol/lufa/LUFA-120730/LUFA/Drivers/USB/Core/ConfigDescriptors.h **** 			 *  
  94:../../protocol/lufa/LUFA-120730/LUFA/Drivers/USB/Core/ConfigDescriptors.h **** 			 *  // Can now access elements of the configuration header struct using the . operator
  95:../../protocol/lufa/LUFA-120730/LUFA/Drivers/USB/Core/ConfigDescriptors.h **** 			 *  \endcode
  96:../../protocol/lufa/LUFA-120730/LUFA/Drivers/USB/Core/ConfigDescriptors.h **** 			 */
  97:../../protocol/lufa/LUFA-120730/LUFA/Drivers/USB/Core/ConfigDescriptors.h **** 			#define DESCRIPTOR_CAST(DescriptorPtr, Type)  (*DESCRIPTOR_PCAST(DescriptorPtr, Type))
  98:../../protocol/lufa/LUFA-120730/LUFA/Drivers/USB/Core/ConfigDescriptors.h **** 
  99:../../protocol/lufa/LUFA-120730/LUFA/Drivers/USB/Core/ConfigDescriptors.h **** 			/** Returns the descriptor's type, expressed as the 8-bit type value in the header of the descri
 100:../../protocol/lufa/LUFA-120730/LUFA/Drivers/USB/Core/ConfigDescriptors.h **** 			 *  This value's meaning depends on the descriptor's placement in the descriptor, but standard t
 101:../../protocol/lufa/LUFA-120730/LUFA/Drivers/USB/Core/ConfigDescriptors.h **** 			 *  values can be accessed in the \ref USB_DescriptorTypes_t enum.
 102:../../protocol/lufa/LUFA-120730/LUFA/Drivers/USB/Core/ConfigDescriptors.h **** 			 */
 103:../../protocol/lufa/LUFA-120730/LUFA/Drivers/USB/Core/ConfigDescriptors.h **** 			#define DESCRIPTOR_TYPE(DescriptorPtr)    DESCRIPTOR_PCAST(DescriptorPtr, USB_Descriptor_Header_
 104:../../protocol/lufa/LUFA-120730/LUFA/Drivers/USB/Core/ConfigDescriptors.h **** 
 105:../../protocol/lufa/LUFA-120730/LUFA/Drivers/USB/Core/ConfigDescriptors.h **** 			/** Returns the descriptor's size, expressed as the 8-bit value indicating the number of bytes. 
 106:../../protocol/lufa/LUFA-120730/LUFA/Drivers/USB/Core/ConfigDescriptors.h **** 			#define DESCRIPTOR_SIZE(DescriptorPtr)    DESCRIPTOR_PCAST(DescriptorPtr, USB_Descriptor_Header_
 107:../../protocol/lufa/LUFA-120730/LUFA/Drivers/USB/Core/ConfigDescriptors.h **** 
 108:../../protocol/lufa/LUFA-120730/LUFA/Drivers/USB/Core/ConfigDescriptors.h **** 		/* Type Defines: */
 109:../../protocol/lufa/LUFA-120730/LUFA/Drivers/USB/Core/ConfigDescriptors.h **** 			/** Type define for a Configuration Descriptor comparator function (function taking a pointer to
 110:../../protocol/lufa/LUFA-120730/LUFA/Drivers/USB/Core/ConfigDescriptors.h **** 			 *  of type void, returning a uint8_t value).
 111:../../protocol/lufa/LUFA-120730/LUFA/Drivers/USB/Core/ConfigDescriptors.h **** 			 *
 112:../../protocol/lufa/LUFA-120730/LUFA/Drivers/USB/Core/ConfigDescriptors.h **** 			 *  \see \ref USB_GetNextDescriptorComp function for more details.
 113:../../protocol/lufa/LUFA-120730/LUFA/Drivers/USB/Core/ConfigDescriptors.h **** 			 */
 114:../../protocol/lufa/LUFA-120730/LUFA/Drivers/USB/Core/ConfigDescriptors.h **** 			typedef uint8_t (* ConfigComparatorPtr_t)(void*);
 115:../../protocol/lufa/LUFA-120730/LUFA/Drivers/USB/Core/ConfigDescriptors.h **** 
 116:../../protocol/lufa/LUFA-120730/LUFA/Drivers/USB/Core/ConfigDescriptors.h **** 		/* Enums: */
 117:../../protocol/lufa/LUFA-120730/LUFA/Drivers/USB/Core/ConfigDescriptors.h **** 			/** Enum for the possible return codes of the \ref USB_Host_GetDeviceConfigDescriptor() function
 118:../../protocol/lufa/LUFA-120730/LUFA/Drivers/USB/Core/ConfigDescriptors.h **** 			enum USB_Host_GetConfigDescriptor_ErrorCodes_t
 119:../../protocol/lufa/LUFA-120730/LUFA/Drivers/USB/Core/ConfigDescriptors.h **** 			{
 120:../../protocol/lufa/LUFA-120730/LUFA/Drivers/USB/Core/ConfigDescriptors.h **** 				HOST_GETCONFIG_Successful       = 0, /**< No error occurred while retrieving the configuration 
 121:../../protocol/lufa/LUFA-120730/LUFA/Drivers/USB/Core/ConfigDescriptors.h **** 				HOST_GETCONFIG_DeviceDisconnect = 1, /**< The attached device was disconnected while retrieving
 122:../../protocol/lufa/LUFA-120730/LUFA/Drivers/USB/Core/ConfigDescriptors.h **** 				                                        * descriptor.
 123:../../protocol/lufa/LUFA-120730/LUFA/Drivers/USB/Core/ConfigDescriptors.h **** 				                                        */
 124:../../protocol/lufa/LUFA-120730/LUFA/Drivers/USB/Core/ConfigDescriptors.h **** 				HOST_GETCONFIG_PipeError        = 2, /**< An error occurred in the pipe while sending the reque
 125:../../protocol/lufa/LUFA-120730/LUFA/Drivers/USB/Core/ConfigDescriptors.h **** 				HOST_GETCONFIG_SetupStalled     = 3, /**< The attached device stalled the request to retrieve t
 126:../../protocol/lufa/LUFA-120730/LUFA/Drivers/USB/Core/ConfigDescriptors.h **** 				                                        * descriptor.
 127:../../protocol/lufa/LUFA-120730/LUFA/Drivers/USB/Core/ConfigDescriptors.h **** 				                                        */
 128:../../protocol/lufa/LUFA-120730/LUFA/Drivers/USB/Core/ConfigDescriptors.h **** 				HOST_GETCONFIG_SoftwareTimeOut  = 4, /**< The request or data transfer timed out. */
 129:../../protocol/lufa/LUFA-120730/LUFA/Drivers/USB/Core/ConfigDescriptors.h **** 				HOST_GETCONFIG_BuffOverflow     = 5, /**< The device's configuration descriptor is too large to
 130:../../protocol/lufa/LUFA-120730/LUFA/Drivers/USB/Core/ConfigDescriptors.h **** 				                                        * buffer.
 131:../../protocol/lufa/LUFA-120730/LUFA/Drivers/USB/Core/ConfigDescriptors.h **** 				                                        */
 132:../../protocol/lufa/LUFA-120730/LUFA/Drivers/USB/Core/ConfigDescriptors.h **** 				HOST_GETCONFIG_InvalidData      = 6, /**< The device returned invalid configuration descriptor 
 133:../../protocol/lufa/LUFA-120730/LUFA/Drivers/USB/Core/ConfigDescriptors.h **** 			};
 134:../../protocol/lufa/LUFA-120730/LUFA/Drivers/USB/Core/ConfigDescriptors.h **** 
 135:../../protocol/lufa/LUFA-120730/LUFA/Drivers/USB/Core/ConfigDescriptors.h **** 			/** Enum for return values of a descriptor comparator function. */
 136:../../protocol/lufa/LUFA-120730/LUFA/Drivers/USB/Core/ConfigDescriptors.h **** 			enum DSearch_Return_ErrorCodes_t
 137:../../protocol/lufa/LUFA-120730/LUFA/Drivers/USB/Core/ConfigDescriptors.h **** 			{
 138:../../protocol/lufa/LUFA-120730/LUFA/Drivers/USB/Core/ConfigDescriptors.h **** 				DESCRIPTOR_SEARCH_Found                = 0, /**< Current descriptor matches comparator criteria
 139:../../protocol/lufa/LUFA-120730/LUFA/Drivers/USB/Core/ConfigDescriptors.h **** 				DESCRIPTOR_SEARCH_Fail                 = 1, /**< No further descriptor could possibly match cri
 140:../../protocol/lufa/LUFA-120730/LUFA/Drivers/USB/Core/ConfigDescriptors.h **** 				DESCRIPTOR_SEARCH_NotFound             = 2, /**< Current descriptor does not match comparator c
 141:../../protocol/lufa/LUFA-120730/LUFA/Drivers/USB/Core/ConfigDescriptors.h **** 			};
 142:../../protocol/lufa/LUFA-120730/LUFA/Drivers/USB/Core/ConfigDescriptors.h **** 
 143:../../protocol/lufa/LUFA-120730/LUFA/Drivers/USB/Core/ConfigDescriptors.h **** 			/** Enum for return values of \ref USB_GetNextDescriptorComp(). */
 144:../../protocol/lufa/LUFA-120730/LUFA/Drivers/USB/Core/ConfigDescriptors.h **** 			enum DSearch_Comp_Return_ErrorCodes_t
 145:../../protocol/lufa/LUFA-120730/LUFA/Drivers/USB/Core/ConfigDescriptors.h **** 			{
 146:../../protocol/lufa/LUFA-120730/LUFA/Drivers/USB/Core/ConfigDescriptors.h **** 				DESCRIPTOR_SEARCH_COMP_Found           = 0, /**< Configuration descriptor now points to descrip
 147:../../protocol/lufa/LUFA-120730/LUFA/Drivers/USB/Core/ConfigDescriptors.h **** 				                                             *   search criteria of the given comparator functi
 148:../../protocol/lufa/LUFA-120730/LUFA/Drivers/USB/Core/ConfigDescriptors.h **** 				DESCRIPTOR_SEARCH_COMP_Fail            = 1, /**< Comparator function returned \ref DESCRIPTOR_S
 149:../../protocol/lufa/LUFA-120730/LUFA/Drivers/USB/Core/ConfigDescriptors.h **** 				DESCRIPTOR_SEARCH_COMP_EndOfDescriptor = 2, /**< End of configuration descriptor reached before
 150:../../protocol/lufa/LUFA-120730/LUFA/Drivers/USB/Core/ConfigDescriptors.h **** 			};
 151:../../protocol/lufa/LUFA-120730/LUFA/Drivers/USB/Core/ConfigDescriptors.h **** 
 152:../../protocol/lufa/LUFA-120730/LUFA/Drivers/USB/Core/ConfigDescriptors.h **** 		/* Function Prototypes: */
 153:../../protocol/lufa/LUFA-120730/LUFA/Drivers/USB/Core/ConfigDescriptors.h **** 			/** Retrieves the configuration descriptor data from an attached device via a standard request i
 154:../../protocol/lufa/LUFA-120730/LUFA/Drivers/USB/Core/ConfigDescriptors.h **** 			 *  including validity and size checking to prevent a buffer overflow.
 155:../../protocol/lufa/LUFA-120730/LUFA/Drivers/USB/Core/ConfigDescriptors.h **** 			 *
 156:../../protocol/lufa/LUFA-120730/LUFA/Drivers/USB/Core/ConfigDescriptors.h **** 			 *  \param[in]     ConfigNumber   Device configuration descriptor number to fetch from the devic
 157:../../protocol/lufa/LUFA-120730/LUFA/Drivers/USB/Core/ConfigDescriptors.h **** 			 *                                single configuration devices).
 158:../../protocol/lufa/LUFA-120730/LUFA/Drivers/USB/Core/ConfigDescriptors.h **** 			 *  \param[in,out] ConfigSizePtr  Pointer to a location for storing the retrieved configuration 
 159:../../protocol/lufa/LUFA-120730/LUFA/Drivers/USB/Core/ConfigDescriptors.h **** 			 *  \param[out]    BufferPtr      Pointer to the buffer for storing the configuration descriptor
 160:../../protocol/lufa/LUFA-120730/LUFA/Drivers/USB/Core/ConfigDescriptors.h **** 			 *  \param[out]    BufferSize     Size of the allocated buffer where the configuration descripto
 161:../../protocol/lufa/LUFA-120730/LUFA/Drivers/USB/Core/ConfigDescriptors.h **** 			 *
 162:../../protocol/lufa/LUFA-120730/LUFA/Drivers/USB/Core/ConfigDescriptors.h **** 			 *  \return A value from the \ref USB_Host_GetConfigDescriptor_ErrorCodes_t enum.
 163:../../protocol/lufa/LUFA-120730/LUFA/Drivers/USB/Core/ConfigDescriptors.h **** 			 */
 164:../../protocol/lufa/LUFA-120730/LUFA/Drivers/USB/Core/ConfigDescriptors.h **** 			uint8_t USB_Host_GetDeviceConfigDescriptor(const uint8_t ConfigNumber,
 165:../../protocol/lufa/LUFA-120730/LUFA/Drivers/USB/Core/ConfigDescriptors.h **** 			                                           uint16_t* const ConfigSizePtr,
 166:../../protocol/lufa/LUFA-120730/LUFA/Drivers/USB/Core/ConfigDescriptors.h **** 			                                           void* const BufferPtr,
 167:../../protocol/lufa/LUFA-120730/LUFA/Drivers/USB/Core/ConfigDescriptors.h **** 			                                           const uint16_t BufferSize) ATTR_NON_NULL_PTR_ARG(2) A
 168:../../protocol/lufa/LUFA-120730/LUFA/Drivers/USB/Core/ConfigDescriptors.h **** 
 169:../../protocol/lufa/LUFA-120730/LUFA/Drivers/USB/Core/ConfigDescriptors.h **** 			/** Skips to the next sub-descriptor inside the configuration descriptor of the specified type v
 170:../../protocol/lufa/LUFA-120730/LUFA/Drivers/USB/Core/ConfigDescriptors.h **** 			 *  The bytes remaining value is automatically decremented.
 171:../../protocol/lufa/LUFA-120730/LUFA/Drivers/USB/Core/ConfigDescriptors.h **** 			 *
 172:../../protocol/lufa/LUFA-120730/LUFA/Drivers/USB/Core/ConfigDescriptors.h **** 			 * \param[in,out] BytesRem       Pointer to the number of bytes remaining of the configuration d
 173:../../protocol/lufa/LUFA-120730/LUFA/Drivers/USB/Core/ConfigDescriptors.h **** 			 * \param[in,out] CurrConfigLoc  Pointer to the current descriptor inside the configuration desc
 174:../../protocol/lufa/LUFA-120730/LUFA/Drivers/USB/Core/ConfigDescriptors.h **** 			 * \param[in]     Type           Descriptor type value to search for.
 175:../../protocol/lufa/LUFA-120730/LUFA/Drivers/USB/Core/ConfigDescriptors.h **** 			 */
 176:../../protocol/lufa/LUFA-120730/LUFA/Drivers/USB/Core/ConfigDescriptors.h **** 			void USB_GetNextDescriptorOfType(uint16_t* const BytesRem,
 177:../../protocol/lufa/LUFA-120730/LUFA/Drivers/USB/Core/ConfigDescriptors.h **** 			                                 void** const CurrConfigLoc,
 178:../../protocol/lufa/LUFA-120730/LUFA/Drivers/USB/Core/ConfigDescriptors.h **** 			                                 const uint8_t Type)
 179:../../protocol/lufa/LUFA-120730/LUFA/Drivers/USB/Core/ConfigDescriptors.h **** 			                                 ATTR_NON_NULL_PTR_ARG(1) ATTR_NON_NULL_PTR_ARG(2);
 180:../../protocol/lufa/LUFA-120730/LUFA/Drivers/USB/Core/ConfigDescriptors.h **** 
 181:../../protocol/lufa/LUFA-120730/LUFA/Drivers/USB/Core/ConfigDescriptors.h **** 			/** Skips to the next sub-descriptor inside the configuration descriptor of the specified type v
 182:../../protocol/lufa/LUFA-120730/LUFA/Drivers/USB/Core/ConfigDescriptors.h **** 			 *  which must come before a descriptor of the second given type value. If the BeforeType type
 183:../../protocol/lufa/LUFA-120730/LUFA/Drivers/USB/Core/ConfigDescriptors.h **** 			 *  descriptor is reached first, the number of bytes remaining to process is set to zero and the
 184:../../protocol/lufa/LUFA-120730/LUFA/Drivers/USB/Core/ConfigDescriptors.h **** 			 *  function exits. The bytes remaining value is automatically decremented.
 185:../../protocol/lufa/LUFA-120730/LUFA/Drivers/USB/Core/ConfigDescriptors.h **** 			 *
 186:../../protocol/lufa/LUFA-120730/LUFA/Drivers/USB/Core/ConfigDescriptors.h **** 			 * \param[in,out] BytesRem       Pointer to the number of bytes remaining of the configuration d
 187:../../protocol/lufa/LUFA-120730/LUFA/Drivers/USB/Core/ConfigDescriptors.h **** 			 * \param[in,out] CurrConfigLoc  Pointer to the current descriptor inside the configuration desc
 188:../../protocol/lufa/LUFA-120730/LUFA/Drivers/USB/Core/ConfigDescriptors.h **** 			 * \param[in]     Type           Descriptor type value to search for.
 189:../../protocol/lufa/LUFA-120730/LUFA/Drivers/USB/Core/ConfigDescriptors.h **** 			 * \param[in]     BeforeType     Descriptor type value which must not be reached before the give
 190:../../protocol/lufa/LUFA-120730/LUFA/Drivers/USB/Core/ConfigDescriptors.h **** 			 */
 191:../../protocol/lufa/LUFA-120730/LUFA/Drivers/USB/Core/ConfigDescriptors.h **** 			void USB_GetNextDescriptorOfTypeBefore(uint16_t* const BytesRem,
 192:../../protocol/lufa/LUFA-120730/LUFA/Drivers/USB/Core/ConfigDescriptors.h **** 			                                       void** const CurrConfigLoc,
 193:../../protocol/lufa/LUFA-120730/LUFA/Drivers/USB/Core/ConfigDescriptors.h **** 			                                       const uint8_t Type,
 194:../../protocol/lufa/LUFA-120730/LUFA/Drivers/USB/Core/ConfigDescriptors.h **** 			                                       const uint8_t BeforeType)
 195:../../protocol/lufa/LUFA-120730/LUFA/Drivers/USB/Core/ConfigDescriptors.h **** 			                                       ATTR_NON_NULL_PTR_ARG(1) ATTR_NON_NULL_PTR_ARG(2);
 196:../../protocol/lufa/LUFA-120730/LUFA/Drivers/USB/Core/ConfigDescriptors.h **** 
 197:../../protocol/lufa/LUFA-120730/LUFA/Drivers/USB/Core/ConfigDescriptors.h **** 			/** Skips to the next sub-descriptor inside the configuration descriptor of the specified type v
 198:../../protocol/lufa/LUFA-120730/LUFA/Drivers/USB/Core/ConfigDescriptors.h **** 			 *  which must come after a descriptor of the second given type value. The bytes remaining value
 199:../../protocol/lufa/LUFA-120730/LUFA/Drivers/USB/Core/ConfigDescriptors.h **** 			 *  automatically decremented.
 200:../../protocol/lufa/LUFA-120730/LUFA/Drivers/USB/Core/ConfigDescriptors.h **** 			 *
 201:../../protocol/lufa/LUFA-120730/LUFA/Drivers/USB/Core/ConfigDescriptors.h **** 			 * \param[in,out] BytesRem       Pointer to the number of bytes remaining of the configuration d
 202:../../protocol/lufa/LUFA-120730/LUFA/Drivers/USB/Core/ConfigDescriptors.h **** 			 * \param[in,out] CurrConfigLoc  Pointer to the current descriptor inside the configuration desc
 203:../../protocol/lufa/LUFA-120730/LUFA/Drivers/USB/Core/ConfigDescriptors.h **** 			 * \param[in]     Type           Descriptor type value to search for.
 204:../../protocol/lufa/LUFA-120730/LUFA/Drivers/USB/Core/ConfigDescriptors.h **** 			 * \param[in]     AfterType      Descriptor type value which must be reached before the given Ty
 205:../../protocol/lufa/LUFA-120730/LUFA/Drivers/USB/Core/ConfigDescriptors.h **** 			 */
 206:../../protocol/lufa/LUFA-120730/LUFA/Drivers/USB/Core/ConfigDescriptors.h **** 			void USB_GetNextDescriptorOfTypeAfter(uint16_t* const BytesRem,
 207:../../protocol/lufa/LUFA-120730/LUFA/Drivers/USB/Core/ConfigDescriptors.h **** 			                                      void** const CurrConfigLoc,
 208:../../protocol/lufa/LUFA-120730/LUFA/Drivers/USB/Core/ConfigDescriptors.h **** 			                                      const uint8_t Type,
 209:../../protocol/lufa/LUFA-120730/LUFA/Drivers/USB/Core/ConfigDescriptors.h **** 			                                      const uint8_t AfterType)
 210:../../protocol/lufa/LUFA-120730/LUFA/Drivers/USB/Core/ConfigDescriptors.h **** 			                                      ATTR_NON_NULL_PTR_ARG(1) ATTR_NON_NULL_PTR_ARG(2);
 211:../../protocol/lufa/LUFA-120730/LUFA/Drivers/USB/Core/ConfigDescriptors.h **** 
 212:../../protocol/lufa/LUFA-120730/LUFA/Drivers/USB/Core/ConfigDescriptors.h **** 			/** Searches for the next descriptor in the given configuration descriptor using a pre-made comp
 213:../../protocol/lufa/LUFA-120730/LUFA/Drivers/USB/Core/ConfigDescriptors.h **** 			 *  function. The routine updates the position and remaining configuration descriptor bytes valu
 214:../../protocol/lufa/LUFA-120730/LUFA/Drivers/USB/Core/ConfigDescriptors.h **** 			 *  automatically. If a comparator routine fails a search, the descriptor pointer is retreated b
 215:../../protocol/lufa/LUFA-120730/LUFA/Drivers/USB/Core/ConfigDescriptors.h **** 			 *  so that the next descriptor search invocation will start from the descriptor which first cau
 216:../../protocol/lufa/LUFA-120730/LUFA/Drivers/USB/Core/ConfigDescriptors.h **** 			 *  original search to fail. This behavior allows for one comparator to be used immediately afte
 217:../../protocol/lufa/LUFA-120730/LUFA/Drivers/USB/Core/ConfigDescriptors.h **** 			 *  has failed, starting the second search from the descriptor which failed the first.
 218:../../protocol/lufa/LUFA-120730/LUFA/Drivers/USB/Core/ConfigDescriptors.h **** 			 *
 219:../../protocol/lufa/LUFA-120730/LUFA/Drivers/USB/Core/ConfigDescriptors.h **** 			 *  Comparator functions should be standard functions which accept a pointer to the header of th
 220:../../protocol/lufa/LUFA-120730/LUFA/Drivers/USB/Core/ConfigDescriptors.h **** 			 *  descriptor inside the configuration descriptor which is being compared, and should return a 
 221:../../protocol/lufa/LUFA-120730/LUFA/Drivers/USB/Core/ConfigDescriptors.h **** 			 *  the \ref DSearch_Return_ErrorCodes_t enum as a uint8_t value.
 222:../../protocol/lufa/LUFA-120730/LUFA/Drivers/USB/Core/ConfigDescriptors.h **** 			 *
 223:../../protocol/lufa/LUFA-120730/LUFA/Drivers/USB/Core/ConfigDescriptors.h **** 			 *  \note This function is available in USB Host mode only.
 224:../../protocol/lufa/LUFA-120730/LUFA/Drivers/USB/Core/ConfigDescriptors.h **** 			 *
 225:../../protocol/lufa/LUFA-120730/LUFA/Drivers/USB/Core/ConfigDescriptors.h **** 			 *  \param[in,out] BytesRem           Pointer to an int storing the remaining bytes in the confi
 226:../../protocol/lufa/LUFA-120730/LUFA/Drivers/USB/Core/ConfigDescriptors.h **** 			 *  \param[in,out] CurrConfigLoc      Pointer to the current position in the configuration descr
 227:../../protocol/lufa/LUFA-120730/LUFA/Drivers/USB/Core/ConfigDescriptors.h **** 			 *  \param[in]     ComparatorRoutine  Name of the comparator search function to use on the confi
 228:../../protocol/lufa/LUFA-120730/LUFA/Drivers/USB/Core/ConfigDescriptors.h **** 			 *
 229:../../protocol/lufa/LUFA-120730/LUFA/Drivers/USB/Core/ConfigDescriptors.h **** 			 *  \return Value of one of the members of the \ref DSearch_Comp_Return_ErrorCodes_t enum.
 230:../../protocol/lufa/LUFA-120730/LUFA/Drivers/USB/Core/ConfigDescriptors.h **** 			 *
 231:../../protocol/lufa/LUFA-120730/LUFA/Drivers/USB/Core/ConfigDescriptors.h **** 			 *  Usage Example:
 232:../../protocol/lufa/LUFA-120730/LUFA/Drivers/USB/Core/ConfigDescriptors.h **** 			 *  \code
 233:../../protocol/lufa/LUFA-120730/LUFA/Drivers/USB/Core/ConfigDescriptors.h **** 			 *  uint8_t EndpointSearcher(void* CurrentDescriptor); // Comparator Prototype
 234:../../protocol/lufa/LUFA-120730/LUFA/Drivers/USB/Core/ConfigDescriptors.h **** 			 *  
 235:../../protocol/lufa/LUFA-120730/LUFA/Drivers/USB/Core/ConfigDescriptors.h **** 			 *  uint8_t EndpointSearcher(void* CurrentDescriptor)
 236:../../protocol/lufa/LUFA-120730/LUFA/Drivers/USB/Core/ConfigDescriptors.h **** 			 *  {
 237:../../protocol/lufa/LUFA-120730/LUFA/Drivers/USB/Core/ConfigDescriptors.h **** 			 *     if (DESCRIPTOR_TYPE(CurrentDescriptor) == DTYPE_Endpoint)
 238:../../protocol/lufa/LUFA-120730/LUFA/Drivers/USB/Core/ConfigDescriptors.h **** 			 *         return DESCRIPTOR_SEARCH_Found;
 239:../../protocol/lufa/LUFA-120730/LUFA/Drivers/USB/Core/ConfigDescriptors.h **** 			 *     else
 240:../../protocol/lufa/LUFA-120730/LUFA/Drivers/USB/Core/ConfigDescriptors.h **** 			 *         return DESCRIPTOR_SEARCH_NotFound;
 241:../../protocol/lufa/LUFA-120730/LUFA/Drivers/USB/Core/ConfigDescriptors.h **** 			 *  }
 242:../../protocol/lufa/LUFA-120730/LUFA/Drivers/USB/Core/ConfigDescriptors.h **** 			 *  
 243:../../protocol/lufa/LUFA-120730/LUFA/Drivers/USB/Core/ConfigDescriptors.h **** 			 *  //...
 244:../../protocol/lufa/LUFA-120730/LUFA/Drivers/USB/Core/ConfigDescriptors.h **** 			 *  
 245:../../protocol/lufa/LUFA-120730/LUFA/Drivers/USB/Core/ConfigDescriptors.h **** 			 *  // After retrieving configuration descriptor:
 246:../../protocol/lufa/LUFA-120730/LUFA/Drivers/USB/Core/ConfigDescriptors.h **** 			 *  if (USB_Host_GetNextDescriptorComp(&BytesRemaining, &CurrentConfigLoc, EndpointSearcher) ==
 247:../../protocol/lufa/LUFA-120730/LUFA/Drivers/USB/Core/ConfigDescriptors.h **** 			 *      Descriptor_Search_Comp_Found)
 248:../../protocol/lufa/LUFA-120730/LUFA/Drivers/USB/Core/ConfigDescriptors.h **** 			 *  {
 249:../../protocol/lufa/LUFA-120730/LUFA/Drivers/USB/Core/ConfigDescriptors.h **** 			 *      // Do something with the endpoint descriptor
 250:../../protocol/lufa/LUFA-120730/LUFA/Drivers/USB/Core/ConfigDescriptors.h **** 			 *  }
 251:../../protocol/lufa/LUFA-120730/LUFA/Drivers/USB/Core/ConfigDescriptors.h **** 			 *  \endcode
 252:../../protocol/lufa/LUFA-120730/LUFA/Drivers/USB/Core/ConfigDescriptors.h **** 			 */
 253:../../protocol/lufa/LUFA-120730/LUFA/Drivers/USB/Core/ConfigDescriptors.h **** 			uint8_t USB_GetNextDescriptorComp(uint16_t* const BytesRem,
 254:../../protocol/lufa/LUFA-120730/LUFA/Drivers/USB/Core/ConfigDescriptors.h **** 			                                  void** const CurrConfigLoc,
 255:../../protocol/lufa/LUFA-120730/LUFA/Drivers/USB/Core/ConfigDescriptors.h **** 			                                  ConfigComparatorPtr_t const ComparatorRoutine);
 256:../../protocol/lufa/LUFA-120730/LUFA/Drivers/USB/Core/ConfigDescriptors.h **** 
 257:../../protocol/lufa/LUFA-120730/LUFA/Drivers/USB/Core/ConfigDescriptors.h **** 		/* Inline Functions: */
 258:../../protocol/lufa/LUFA-120730/LUFA/Drivers/USB/Core/ConfigDescriptors.h **** 			/** Skips over the current sub-descriptor inside the configuration descriptor, so that the point
 259:../../protocol/lufa/LUFA-120730/LUFA/Drivers/USB/Core/ConfigDescriptors.h **** 			    points to the next sub-descriptor. The bytes remaining value is automatically decremented.
 260:../../protocol/lufa/LUFA-120730/LUFA/Drivers/USB/Core/ConfigDescriptors.h **** 			 *
 261:../../protocol/lufa/LUFA-120730/LUFA/Drivers/USB/Core/ConfigDescriptors.h **** 			 * \param[in,out] BytesRem       Pointer to the number of bytes remaining of the configuration d
 262:../../protocol/lufa/LUFA-120730/LUFA/Drivers/USB/Core/ConfigDescriptors.h **** 			 * \param[in,out] CurrConfigLoc  Pointer to the current descriptor inside the configuration desc
 263:../../protocol/lufa/LUFA-120730/LUFA/Drivers/USB/Core/ConfigDescriptors.h **** 			 */
 264:../../protocol/lufa/LUFA-120730/LUFA/Drivers/USB/Core/ConfigDescriptors.h **** 			static inline void USB_GetNextDescriptor(uint16_t* const BytesRem,
 265:../../protocol/lufa/LUFA-120730/LUFA/Drivers/USB/Core/ConfigDescriptors.h **** 			                                         void** CurrConfigLoc) ATTR_NON_NULL_PTR_ARG(1) ATTR_NON
 266:../../protocol/lufa/LUFA-120730/LUFA/Drivers/USB/Core/ConfigDescriptors.h **** 			static inline void USB_GetNextDescriptor(uint16_t* const BytesRem,
 267:../../protocol/lufa/LUFA-120730/LUFA/Drivers/USB/Core/ConfigDescriptors.h **** 			                                         void** CurrConfigLoc)
 268:../../protocol/lufa/LUFA-120730/LUFA/Drivers/USB/Core/ConfigDescriptors.h **** 			{
  15               		.loc 1 268 0
  16               		.cfi_startproc
  17               	.LVL0:
  18 0000 CF93      		push r28
  19               	.LCFI0:
  20               		.cfi_def_cfa_offset 3
  21               		.cfi_offset 28, -2
  22 0002 DF93      		push r29
  23               	.LCFI1:
  24               		.cfi_def_cfa_offset 4
  25               		.cfi_offset 29, -3
  26               	/* prologue: function */
  27               	/* frame size = 0 */
  28               	/* stack size = 2 */
  29               	.L__stack_usage = 2
  30 0004 FC01      		movw r30,r24
 269:../../protocol/lufa/LUFA-120730/LUFA/Drivers/USB/Core/ConfigDescriptors.h **** 				uint16_t CurrDescriptorSize = DESCRIPTOR_CAST(*CurrConfigLoc, USB_Descriptor_Header_t).Size;
  31               		.loc 1 269 0
  32 0006 EB01      		movw r28,r22
  33 0008 A881      		ld r26,Y
  34 000a B981      		ldd r27,Y+1
  35 000c 8C91      		ld r24,X
  36               	.LVL1:
  37 000e 90E0      		ldi r25,0
  38               	.LVL2:
  39 0010 2081      		ld r18,Z
  40 0012 3181      		ldd r19,Z+1
  41 0014 8217      		cp r24,r18
  42 0016 9307      		cpc r25,r19
  43 0018 00F4      		brsh .L2
  44 001a 9C01      		movw r18,r24
  45               	.L2:
  46               	.LVL3:
 270:../../protocol/lufa/LUFA-120730/LUFA/Drivers/USB/Core/ConfigDescriptors.h **** 
 271:../../protocol/lufa/LUFA-120730/LUFA/Drivers/USB/Core/ConfigDescriptors.h **** 				if (*BytesRem < CurrDescriptorSize)
 272:../../protocol/lufa/LUFA-120730/LUFA/Drivers/USB/Core/ConfigDescriptors.h **** 				  CurrDescriptorSize = *BytesRem;
 273:../../protocol/lufa/LUFA-120730/LUFA/Drivers/USB/Core/ConfigDescriptors.h **** 
 274:../../protocol/lufa/LUFA-120730/LUFA/Drivers/USB/Core/ConfigDescriptors.h **** 				*CurrConfigLoc  = (void*)((uintptr_t)*CurrConfigLoc + CurrDescriptorSize);
  47               		.loc 1 274 0
  48 001c A20F      		add r26,r18
  49 001e B31F      		adc r27,r19
  50 0020 EB01      		movw r28,r22
  51 0022 B983      		std Y+1,r27
  52 0024 A883      		st Y,r26
 275:../../protocol/lufa/LUFA-120730/LUFA/Drivers/USB/Core/ConfigDescriptors.h **** 				*BytesRem      -= CurrDescriptorSize;
  53               		.loc 1 275 0
  54 0026 8081      		ld r24,Z
  55 0028 9181      		ldd r25,Z+1
  56 002a 821B      		sub r24,r18
  57 002c 930B      		sbc r25,r19
  58 002e 9183      		std Z+1,r25
  59 0030 8083      		st Z,r24
  60               	/* epilogue start */
 276:../../protocol/lufa/LUFA-120730/LUFA/Drivers/USB/Core/ConfigDescriptors.h **** 			}
  61               		.loc 1 276 0
  62 0032 DF91      		pop r29
  63 0034 CF91      		pop r28
  64 0036 0895      		ret
  65               		.cfi_endproc
  66               	.LFE86:
  68               		.section	.text.USB_GetNextDescriptorOfType,"ax",@progbits
  69               	.global	USB_GetNextDescriptorOfType
  71               	USB_GetNextDescriptorOfType:
  72               	.LFB87:
  73               		.file 2 "../../protocol/lufa/LUFA-120730/LUFA/Drivers/USB/Core/ConfigDescriptors.c"
   1:../../protocol/lufa/LUFA-120730/LUFA/Drivers/USB/Core/ConfigDescriptors.c **** /*
   2:../../protocol/lufa/LUFA-120730/LUFA/Drivers/USB/Core/ConfigDescriptors.c ****              LUFA Library
   3:../../protocol/lufa/LUFA-120730/LUFA/Drivers/USB/Core/ConfigDescriptors.c ****      Copyright (C) Dean Camera, 2012.
   4:../../protocol/lufa/LUFA-120730/LUFA/Drivers/USB/Core/ConfigDescriptors.c **** 
   5:../../protocol/lufa/LUFA-120730/LUFA/Drivers/USB/Core/ConfigDescriptors.c ****   dean [at] fourwalledcubicle [dot] com
   6:../../protocol/lufa/LUFA-120730/LUFA/Drivers/USB/Core/ConfigDescriptors.c ****            www.lufa-lib.org
   7:../../protocol/lufa/LUFA-120730/LUFA/Drivers/USB/Core/ConfigDescriptors.c **** */
   8:../../protocol/lufa/LUFA-120730/LUFA/Drivers/USB/Core/ConfigDescriptors.c **** 
   9:../../protocol/lufa/LUFA-120730/LUFA/Drivers/USB/Core/ConfigDescriptors.c **** /*
  10:../../protocol/lufa/LUFA-120730/LUFA/Drivers/USB/Core/ConfigDescriptors.c ****   Copyright 2012  Dean Camera (dean [at] fourwalledcubicle [dot] com)
  11:../../protocol/lufa/LUFA-120730/LUFA/Drivers/USB/Core/ConfigDescriptors.c **** 
  12:../../protocol/lufa/LUFA-120730/LUFA/Drivers/USB/Core/ConfigDescriptors.c ****   Permission to use, copy, modify, distribute, and sell this
  13:../../protocol/lufa/LUFA-120730/LUFA/Drivers/USB/Core/ConfigDescriptors.c ****   software and its documentation for any purpose is hereby granted
  14:../../protocol/lufa/LUFA-120730/LUFA/Drivers/USB/Core/ConfigDescriptors.c ****   without fee, provided that the above copyright notice appear in
  15:../../protocol/lufa/LUFA-120730/LUFA/Drivers/USB/Core/ConfigDescriptors.c ****   all copies and that both that the copyright notice and this
  16:../../protocol/lufa/LUFA-120730/LUFA/Drivers/USB/Core/ConfigDescriptors.c ****   permission notice and warranty disclaimer appear in supporting
  17:../../protocol/lufa/LUFA-120730/LUFA/Drivers/USB/Core/ConfigDescriptors.c ****   documentation, and that the name of the author not be used in
  18:../../protocol/lufa/LUFA-120730/LUFA/Drivers/USB/Core/ConfigDescriptors.c ****   advertising or publicity pertaining to distribution of the
  19:../../protocol/lufa/LUFA-120730/LUFA/Drivers/USB/Core/ConfigDescriptors.c ****   software without specific, written prior permission.
  20:../../protocol/lufa/LUFA-120730/LUFA/Drivers/USB/Core/ConfigDescriptors.c **** 
  21:../../protocol/lufa/LUFA-120730/LUFA/Drivers/USB/Core/ConfigDescriptors.c ****   The author disclaim all warranties with regard to this
  22:../../protocol/lufa/LUFA-120730/LUFA/Drivers/USB/Core/ConfigDescriptors.c ****   software, including all implied warranties of merchantability
  23:../../protocol/lufa/LUFA-120730/LUFA/Drivers/USB/Core/ConfigDescriptors.c ****   and fitness.  In no event shall the author be liable for any
  24:../../protocol/lufa/LUFA-120730/LUFA/Drivers/USB/Core/ConfigDescriptors.c ****   special, indirect or consequential damages or any damages
  25:../../protocol/lufa/LUFA-120730/LUFA/Drivers/USB/Core/ConfigDescriptors.c ****   whatsoever resulting from loss of use, data or profits, whether
  26:../../protocol/lufa/LUFA-120730/LUFA/Drivers/USB/Core/ConfigDescriptors.c ****   in an action of contract, negligence or other tortious action,
  27:../../protocol/lufa/LUFA-120730/LUFA/Drivers/USB/Core/ConfigDescriptors.c ****   arising out of or in connection with the use or performance of
  28:../../protocol/lufa/LUFA-120730/LUFA/Drivers/USB/Core/ConfigDescriptors.c ****   this software.
  29:../../protocol/lufa/LUFA-120730/LUFA/Drivers/USB/Core/ConfigDescriptors.c **** */
  30:../../protocol/lufa/LUFA-120730/LUFA/Drivers/USB/Core/ConfigDescriptors.c **** 
  31:../../protocol/lufa/LUFA-120730/LUFA/Drivers/USB/Core/ConfigDescriptors.c **** #define  __INCLUDE_FROM_USB_DRIVER
  32:../../protocol/lufa/LUFA-120730/LUFA/Drivers/USB/Core/ConfigDescriptors.c **** #include "ConfigDescriptors.h"
  33:../../protocol/lufa/LUFA-120730/LUFA/Drivers/USB/Core/ConfigDescriptors.c **** 
  34:../../protocol/lufa/LUFA-120730/LUFA/Drivers/USB/Core/ConfigDescriptors.c **** #if defined(USB_CAN_BE_HOST)
  35:../../protocol/lufa/LUFA-120730/LUFA/Drivers/USB/Core/ConfigDescriptors.c **** uint8_t USB_Host_GetDeviceConfigDescriptor(const uint8_t ConfigNumber,
  36:../../protocol/lufa/LUFA-120730/LUFA/Drivers/USB/Core/ConfigDescriptors.c ****                                            uint16_t* const ConfigSizePtr,
  37:../../protocol/lufa/LUFA-120730/LUFA/Drivers/USB/Core/ConfigDescriptors.c ****                                            void* const BufferPtr,
  38:../../protocol/lufa/LUFA-120730/LUFA/Drivers/USB/Core/ConfigDescriptors.c ****                                            const uint16_t BufferSize)
  39:../../protocol/lufa/LUFA-120730/LUFA/Drivers/USB/Core/ConfigDescriptors.c **** {
  40:../../protocol/lufa/LUFA-120730/LUFA/Drivers/USB/Core/ConfigDescriptors.c **** 	uint8_t ErrorCode;
  41:../../protocol/lufa/LUFA-120730/LUFA/Drivers/USB/Core/ConfigDescriptors.c **** 	uint8_t ConfigHeader[sizeof(USB_Descriptor_Configuration_Header_t)];
  42:../../protocol/lufa/LUFA-120730/LUFA/Drivers/USB/Core/ConfigDescriptors.c **** 
  43:../../protocol/lufa/LUFA-120730/LUFA/Drivers/USB/Core/ConfigDescriptors.c **** 	USB_ControlRequest = (USB_Request_Header_t)
  44:../../protocol/lufa/LUFA-120730/LUFA/Drivers/USB/Core/ConfigDescriptors.c **** 		{
  45:../../protocol/lufa/LUFA-120730/LUFA/Drivers/USB/Core/ConfigDescriptors.c **** 			.bmRequestType = (REQDIR_DEVICETOHOST | REQTYPE_STANDARD | REQREC_DEVICE),
  46:../../protocol/lufa/LUFA-120730/LUFA/Drivers/USB/Core/ConfigDescriptors.c **** 			.bRequest      = REQ_GetDescriptor,
  47:../../protocol/lufa/LUFA-120730/LUFA/Drivers/USB/Core/ConfigDescriptors.c **** 			.wValue        = ((DTYPE_Configuration << 8) | (ConfigNumber - 1)),
  48:../../protocol/lufa/LUFA-120730/LUFA/Drivers/USB/Core/ConfigDescriptors.c **** 			.wIndex        = 0,
  49:../../protocol/lufa/LUFA-120730/LUFA/Drivers/USB/Core/ConfigDescriptors.c **** 			.wLength       = sizeof(USB_Descriptor_Configuration_Header_t),
  50:../../protocol/lufa/LUFA-120730/LUFA/Drivers/USB/Core/ConfigDescriptors.c **** 		};
  51:../../protocol/lufa/LUFA-120730/LUFA/Drivers/USB/Core/ConfigDescriptors.c **** 
  52:../../protocol/lufa/LUFA-120730/LUFA/Drivers/USB/Core/ConfigDescriptors.c **** 	Pipe_SelectPipe(PIPE_CONTROLPIPE);
  53:../../protocol/lufa/LUFA-120730/LUFA/Drivers/USB/Core/ConfigDescriptors.c **** 
  54:../../protocol/lufa/LUFA-120730/LUFA/Drivers/USB/Core/ConfigDescriptors.c **** 	if ((ErrorCode = USB_Host_SendControlRequest(ConfigHeader)) != HOST_SENDCONTROL_Successful)
  55:../../protocol/lufa/LUFA-120730/LUFA/Drivers/USB/Core/ConfigDescriptors.c **** 	  return ErrorCode;
  56:../../protocol/lufa/LUFA-120730/LUFA/Drivers/USB/Core/ConfigDescriptors.c **** 
  57:../../protocol/lufa/LUFA-120730/LUFA/Drivers/USB/Core/ConfigDescriptors.c **** 	*ConfigSizePtr = le16_to_cpu(DESCRIPTOR_PCAST(ConfigHeader, USB_Descriptor_Configuration_Header_t)
  58:../../protocol/lufa/LUFA-120730/LUFA/Drivers/USB/Core/ConfigDescriptors.c **** 
  59:../../protocol/lufa/LUFA-120730/LUFA/Drivers/USB/Core/ConfigDescriptors.c **** 	if (*ConfigSizePtr > BufferSize)
  60:../../protocol/lufa/LUFA-120730/LUFA/Drivers/USB/Core/ConfigDescriptors.c **** 	  return HOST_GETCONFIG_BuffOverflow;
  61:../../protocol/lufa/LUFA-120730/LUFA/Drivers/USB/Core/ConfigDescriptors.c **** 
  62:../../protocol/lufa/LUFA-120730/LUFA/Drivers/USB/Core/ConfigDescriptors.c **** 	USB_ControlRequest.wLength = *ConfigSizePtr;
  63:../../protocol/lufa/LUFA-120730/LUFA/Drivers/USB/Core/ConfigDescriptors.c **** 
  64:../../protocol/lufa/LUFA-120730/LUFA/Drivers/USB/Core/ConfigDescriptors.c **** 	if ((ErrorCode = USB_Host_SendControlRequest(BufferPtr)) != HOST_SENDCONTROL_Successful)
  65:../../protocol/lufa/LUFA-120730/LUFA/Drivers/USB/Core/ConfigDescriptors.c **** 	  return ErrorCode;
  66:../../protocol/lufa/LUFA-120730/LUFA/Drivers/USB/Core/ConfigDescriptors.c **** 
  67:../../protocol/lufa/LUFA-120730/LUFA/Drivers/USB/Core/ConfigDescriptors.c **** 	if (DESCRIPTOR_TYPE(BufferPtr) != DTYPE_Configuration)
  68:../../protocol/lufa/LUFA-120730/LUFA/Drivers/USB/Core/ConfigDescriptors.c **** 	  return HOST_GETCONFIG_InvalidData;
  69:../../protocol/lufa/LUFA-120730/LUFA/Drivers/USB/Core/ConfigDescriptors.c **** 
  70:../../protocol/lufa/LUFA-120730/LUFA/Drivers/USB/Core/ConfigDescriptors.c **** 	return HOST_GETCONFIG_Successful;
  71:../../protocol/lufa/LUFA-120730/LUFA/Drivers/USB/Core/ConfigDescriptors.c **** }
  72:../../protocol/lufa/LUFA-120730/LUFA/Drivers/USB/Core/ConfigDescriptors.c **** #endif
  73:../../protocol/lufa/LUFA-120730/LUFA/Drivers/USB/Core/ConfigDescriptors.c **** 
  74:../../protocol/lufa/LUFA-120730/LUFA/Drivers/USB/Core/ConfigDescriptors.c **** void USB_GetNextDescriptorOfType(uint16_t* const BytesRem,
  75:../../protocol/lufa/LUFA-120730/LUFA/Drivers/USB/Core/ConfigDescriptors.c ****                                  void** const CurrConfigLoc,
  76:../../protocol/lufa/LUFA-120730/LUFA/Drivers/USB/Core/ConfigDescriptors.c ****                                  const uint8_t Type)
  77:../../protocol/lufa/LUFA-120730/LUFA/Drivers/USB/Core/ConfigDescriptors.c **** {
  74               		.loc 2 77 0
  75               		.cfi_startproc
  76               	.LVL4:
  77 0000 EF92      		push r14
  78               	.LCFI2:
  79               		.cfi_def_cfa_offset 3
  80               		.cfi_offset 14, -2
  81 0002 FF92      		push r15
  82               	.LCFI3:
  83               		.cfi_def_cfa_offset 4
  84               		.cfi_offset 15, -3
  85 0004 0F93      		push r16
  86               	.LCFI4:
  87               		.cfi_def_cfa_offset 5
  88               		.cfi_offset 16, -4
  89 0006 1F93      		push r17
  90               	.LCFI5:
  91               		.cfi_def_cfa_offset 6
  92               		.cfi_offset 17, -5
  93 0008 CF93      		push r28
  94               	.LCFI6:
  95               		.cfi_def_cfa_offset 7
  96               		.cfi_offset 28, -6
  97 000a DF93      		push r29
  98               	.LCFI7:
  99               		.cfi_def_cfa_offset 8
 100               		.cfi_offset 29, -7
 101 000c 1F92      		push __zero_reg__
 102               	.LCFI8:
 103               		.cfi_def_cfa_offset 9
 104 000e CDB7      		in r28,__SP_L__
 105 0010 DEB7      		in r29,__SP_H__
 106               	.LCFI9:
 107               		.cfi_def_cfa_register 28
 108               	/* prologue: function */
 109               	/* frame size = 1 */
 110               	/* stack size = 7 */
 111               	.L__stack_usage = 7
 112 0012 7C01      		movw r14,r24
 113 0014 8B01      		movw r16,r22
  78:../../protocol/lufa/LUFA-120730/LUFA/Drivers/USB/Core/ConfigDescriptors.c **** 	while (*BytesRem)
 114               		.loc 2 78 0
 115 0016 00C0      		rjmp .L4
 116               	.LVL5:
 117               	.L5:
  79:../../protocol/lufa/LUFA-120730/LUFA/Drivers/USB/Core/ConfigDescriptors.c **** 	{
  80:../../protocol/lufa/LUFA-120730/LUFA/Drivers/USB/Core/ConfigDescriptors.c **** 		USB_GetNextDescriptor(BytesRem, CurrConfigLoc);
 118               		.loc 2 80 0
 119 0018 B801      		movw r22,r16
 120 001a C701      		movw r24,r14
 121 001c 4983      		std Y+1,r20
 122 001e 0E94 0000 		call USB_GetNextDescriptor
 123               	.LVL6:
  81:../../protocol/lufa/LUFA-120730/LUFA/Drivers/USB/Core/ConfigDescriptors.c **** 
  82:../../protocol/lufa/LUFA-120730/LUFA/Drivers/USB/Core/ConfigDescriptors.c **** 		if (DESCRIPTOR_TYPE(*CurrConfigLoc) == Type)
 124               		.loc 2 82 0
 125 0022 D801      		movw r26,r16
 126 0024 ED91      		ld r30,X+
 127 0026 FC91      		ld r31,X
 128 0028 8181      		ldd r24,Z+1
 129 002a 4981      		ldd r20,Y+1
 130 002c 8417      		cp r24,r20
 131 002e 01F0      		breq .L3
 132               	.L4:
  78:../../protocol/lufa/LUFA-120730/LUFA/Drivers/USB/Core/ConfigDescriptors.c **** 	while (*BytesRem)
 133               		.loc 2 78 0 discriminator 1
 134 0030 F701      		movw r30,r14
 135 0032 8081      		ld r24,Z
 136 0034 9181      		ldd r25,Z+1
 137 0036 892B      		or r24,r25
 138 0038 01F4      		brne .L5
 139               	.L3:
 140               	/* epilogue start */
  83:../../protocol/lufa/LUFA-120730/LUFA/Drivers/USB/Core/ConfigDescriptors.c **** 		  return;
  84:../../protocol/lufa/LUFA-120730/LUFA/Drivers/USB/Core/ConfigDescriptors.c **** 	}
  85:../../protocol/lufa/LUFA-120730/LUFA/Drivers/USB/Core/ConfigDescriptors.c **** }
 141               		.loc 2 85 0
 142 003a 0F90      		pop __tmp_reg__
 143 003c DF91      		pop r29
 144 003e CF91      		pop r28
 145 0040 1F91      		pop r17
 146 0042 0F91      		pop r16
 147               	.LVL7:
 148 0044 FF90      		pop r15
 149 0046 EF90      		pop r14
 150               	.LVL8:
 151 0048 0895      		ret
 152               		.cfi_endproc
 153               	.LFE87:
 155               		.section	.text.USB_GetNextDescriptorOfTypeBefore,"ax",@progbits
 156               	.global	USB_GetNextDescriptorOfTypeBefore
 158               	USB_GetNextDescriptorOfTypeBefore:
 159               	.LFB88:
  86:../../protocol/lufa/LUFA-120730/LUFA/Drivers/USB/Core/ConfigDescriptors.c **** 
  87:../../protocol/lufa/LUFA-120730/LUFA/Drivers/USB/Core/ConfigDescriptors.c **** void USB_GetNextDescriptorOfTypeBefore(uint16_t* const BytesRem,
  88:../../protocol/lufa/LUFA-120730/LUFA/Drivers/USB/Core/ConfigDescriptors.c ****                                        void** const CurrConfigLoc,
  89:../../protocol/lufa/LUFA-120730/LUFA/Drivers/USB/Core/ConfigDescriptors.c ****                                        const uint8_t Type,
  90:../../protocol/lufa/LUFA-120730/LUFA/Drivers/USB/Core/ConfigDescriptors.c ****                                        const uint8_t BeforeType)
  91:../../protocol/lufa/LUFA-120730/LUFA/Drivers/USB/Core/ConfigDescriptors.c **** {
 160               		.loc 2 91 0
 161               		.cfi_startproc
 162               	.LVL9:
 163 0000 EF92      		push r14
 164               	.LCFI10:
 165               		.cfi_def_cfa_offset 3
 166               		.cfi_offset 14, -2
 167 0002 FF92      		push r15
 168               	.LCFI11:
 169               		.cfi_def_cfa_offset 4
 170               		.cfi_offset 15, -3
 171 0004 0F93      		push r16
 172               	.LCFI12:
 173               		.cfi_def_cfa_offset 5
 174               		.cfi_offset 16, -4
 175 0006 1F93      		push r17
 176               	.LCFI13:
 177               		.cfi_def_cfa_offset 6
 178               		.cfi_offset 17, -5
 179 0008 CF93      		push r28
 180               	.LCFI14:
 181               		.cfi_def_cfa_offset 7
 182               		.cfi_offset 28, -6
 183 000a DF93      		push r29
 184               	.LCFI15:
 185               		.cfi_def_cfa_offset 8
 186               		.cfi_offset 29, -7
 187 000c 00D0      		rcall .
 188               	.LCFI16:
 189               		.cfi_def_cfa_offset 10
 190 000e CDB7      		in r28,__SP_L__
 191 0010 DEB7      		in r29,__SP_H__
 192               	.LCFI17:
 193               		.cfi_def_cfa_register 28
 194               	/* prologue: function */
 195               	/* frame size = 2 */
 196               	/* stack size = 8 */
 197               	.L__stack_usage = 8
 198 0012 7C01      		movw r14,r24
 199 0014 8B01      		movw r16,r22
  92:../../protocol/lufa/LUFA-120730/LUFA/Drivers/USB/Core/ConfigDescriptors.c **** 	while (*BytesRem)
 200               		.loc 2 92 0
 201 0016 00C0      		rjmp .L9
 202               	.LVL10:
 203               	.L12:
  93:../../protocol/lufa/LUFA-120730/LUFA/Drivers/USB/Core/ConfigDescriptors.c **** 	{
  94:../../protocol/lufa/LUFA-120730/LUFA/Drivers/USB/Core/ConfigDescriptors.c **** 		USB_GetNextDescriptor(BytesRem, CurrConfigLoc);
 204               		.loc 2 94 0
 205 0018 B801      		movw r22,r16
 206 001a C701      		movw r24,r14
 207 001c 2A83      		std Y+2,r18
 208 001e 4983      		std Y+1,r20
 209 0020 0E94 0000 		call USB_GetNextDescriptor
 210               	.LVL11:
  95:../../protocol/lufa/LUFA-120730/LUFA/Drivers/USB/Core/ConfigDescriptors.c **** 
  96:../../protocol/lufa/LUFA-120730/LUFA/Drivers/USB/Core/ConfigDescriptors.c **** 		if (DESCRIPTOR_TYPE(*CurrConfigLoc) == Type)
 211               		.loc 2 96 0
 212 0024 D801      		movw r26,r16
 213 0026 ED91      		ld r30,X+
 214 0028 FC91      		ld r31,X
 215 002a 8181      		ldd r24,Z+1
 216 002c 4981      		ldd r20,Y+1
 217 002e 2A81      		ldd r18,Y+2
 218 0030 8417      		cp r24,r20
 219 0032 01F0      		breq .L8
  97:../../protocol/lufa/LUFA-120730/LUFA/Drivers/USB/Core/ConfigDescriptors.c **** 		{
  98:../../protocol/lufa/LUFA-120730/LUFA/Drivers/USB/Core/ConfigDescriptors.c **** 			return;
  99:../../protocol/lufa/LUFA-120730/LUFA/Drivers/USB/Core/ConfigDescriptors.c **** 		}
 100:../../protocol/lufa/LUFA-120730/LUFA/Drivers/USB/Core/ConfigDescriptors.c **** 		else if (DESCRIPTOR_TYPE(*CurrConfigLoc) == BeforeType)
 220               		.loc 2 100 0
 221 0034 8213      		cpse r24,r18
 222 0036 00C0      		rjmp .L9
 101:../../protocol/lufa/LUFA-120730/LUFA/Drivers/USB/Core/ConfigDescriptors.c **** 		{
 102:../../protocol/lufa/LUFA-120730/LUFA/Drivers/USB/Core/ConfigDescriptors.c **** 			*BytesRem = 0;
 223               		.loc 2 102 0
 224 0038 F701      		movw r30,r14
 225 003a 1182      		std Z+1,__zero_reg__
 226 003c 1082      		st Z,__zero_reg__
 103:../../protocol/lufa/LUFA-120730/LUFA/Drivers/USB/Core/ConfigDescriptors.c **** 			return;
 227               		.loc 2 103 0
 228 003e 00C0      		rjmp .L8
 229               	.L9:
  92:../../protocol/lufa/LUFA-120730/LUFA/Drivers/USB/Core/ConfigDescriptors.c **** 	while (*BytesRem)
 230               		.loc 2 92 0 discriminator 1
 231 0040 D701      		movw r26,r14
 232 0042 8D91      		ld r24,X+
 233 0044 9C91      		ld r25,X
 234 0046 892B      		or r24,r25
 235 0048 01F4      		brne .L12
 236               	.L8:
 237               	/* epilogue start */
 104:../../protocol/lufa/LUFA-120730/LUFA/Drivers/USB/Core/ConfigDescriptors.c **** 		}
 105:../../protocol/lufa/LUFA-120730/LUFA/Drivers/USB/Core/ConfigDescriptors.c **** 	}
 106:../../protocol/lufa/LUFA-120730/LUFA/Drivers/USB/Core/ConfigDescriptors.c **** }
 238               		.loc 2 106 0
 239 004a 0F90      		pop __tmp_reg__
 240 004c 0F90      		pop __tmp_reg__
 241 004e DF91      		pop r29
 242 0050 CF91      		pop r28
 243 0052 1F91      		pop r17
 244 0054 0F91      		pop r16
 245               	.LVL12:
 246 0056 FF90      		pop r15
 247 0058 EF90      		pop r14
 248               	.LVL13:
 249 005a 0895      		ret
 250               		.cfi_endproc
 251               	.LFE88:
 253               		.section	.text.USB_GetNextDescriptorOfTypeAfter,"ax",@progbits
 254               	.global	USB_GetNextDescriptorOfTypeAfter
 256               	USB_GetNextDescriptorOfTypeAfter:
 257               	.LFB89:
 107:../../protocol/lufa/LUFA-120730/LUFA/Drivers/USB/Core/ConfigDescriptors.c **** 
 108:../../protocol/lufa/LUFA-120730/LUFA/Drivers/USB/Core/ConfigDescriptors.c **** void USB_GetNextDescriptorOfTypeAfter(uint16_t* const BytesRem,
 109:../../protocol/lufa/LUFA-120730/LUFA/Drivers/USB/Core/ConfigDescriptors.c ****                                       void** const CurrConfigLoc,
 110:../../protocol/lufa/LUFA-120730/LUFA/Drivers/USB/Core/ConfigDescriptors.c ****                                       const uint8_t Type,
 111:../../protocol/lufa/LUFA-120730/LUFA/Drivers/USB/Core/ConfigDescriptors.c ****                                       const uint8_t AfterType)
 112:../../protocol/lufa/LUFA-120730/LUFA/Drivers/USB/Core/ConfigDescriptors.c **** {
 258               		.loc 2 112 0
 259               		.cfi_startproc
 260               	.LVL14:
 261 0000 FF92      		push r15
 262               	.LCFI18:
 263               		.cfi_def_cfa_offset 3
 264               		.cfi_offset 15, -2
 265 0002 0F93      		push r16
 266               	.LCFI19:
 267               		.cfi_def_cfa_offset 4
 268               		.cfi_offset 16, -3
 269 0004 1F93      		push r17
 270               	.LCFI20:
 271               		.cfi_def_cfa_offset 5
 272               		.cfi_offset 17, -4
 273 0006 CF93      		push r28
 274               	.LCFI21:
 275               		.cfi_def_cfa_offset 6
 276               		.cfi_offset 28, -5
 277 0008 DF93      		push r29
 278               	.LCFI22:
 279               		.cfi_def_cfa_offset 7
 280               		.cfi_offset 29, -6
 281               	/* prologue: function */
 282               	/* frame size = 0 */
 283               	/* stack size = 5 */
 284               	.L__stack_usage = 5
 285 000a EC01      		movw r28,r24
 286 000c 8B01      		movw r16,r22
 287 000e F42E      		mov r15,r20
 113:../../protocol/lufa/LUFA-120730/LUFA/Drivers/USB/Core/ConfigDescriptors.c **** 	USB_GetNextDescriptorOfType(BytesRem, CurrConfigLoc, AfterType);
 288               		.loc 2 113 0
 289 0010 422F      		mov r20,r18
 290               	.LVL15:
 291 0012 0E94 0000 		call USB_GetNextDescriptorOfType
 292               	.LVL16:
 114:../../protocol/lufa/LUFA-120730/LUFA/Drivers/USB/Core/ConfigDescriptors.c **** 
 115:../../protocol/lufa/LUFA-120730/LUFA/Drivers/USB/Core/ConfigDescriptors.c **** 	if (*BytesRem)
 293               		.loc 2 115 0
 294 0016 8881      		ld r24,Y
 295 0018 9981      		ldd r25,Y+1
 296 001a 892B      		or r24,r25
 297 001c 01F0      		breq .L15
 116:../../protocol/lufa/LUFA-120730/LUFA/Drivers/USB/Core/ConfigDescriptors.c **** 	  USB_GetNextDescriptorOfType(BytesRem, CurrConfigLoc, Type);
 298               		.loc 2 116 0
 299 001e 4F2D      		mov r20,r15
 300 0020 B801      		movw r22,r16
 301 0022 CE01      		movw r24,r28
 302               	/* epilogue start */
 117:../../protocol/lufa/LUFA-120730/LUFA/Drivers/USB/Core/ConfigDescriptors.c **** }
 303               		.loc 2 117 0
 304 0024 DF91      		pop r29
 305 0026 CF91      		pop r28
 306               	.LVL17:
 307 0028 1F91      		pop r17
 308 002a 0F91      		pop r16
 309               	.LVL18:
 310 002c FF90      		pop r15
 311               	.LVL19:
 116:../../protocol/lufa/LUFA-120730/LUFA/Drivers/USB/Core/ConfigDescriptors.c **** 	  USB_GetNextDescriptorOfType(BytesRem, CurrConfigLoc, Type);
 312               		.loc 2 116 0
 313 002e 0C94 0000 		jmp USB_GetNextDescriptorOfType
 314               	.LVL20:
 315               	.L15:
 316               	/* epilogue start */
 317               		.loc 2 117 0
 318 0032 DF91      		pop r29
 319 0034 CF91      		pop r28
 320               	.LVL21:
 321 0036 1F91      		pop r17
 322 0038 0F91      		pop r16
 323               	.LVL22:
 324 003a FF90      		pop r15
 325               	.LVL23:
 326 003c 0895      		ret
 327               		.cfi_endproc
 328               	.LFE89:
 330               		.section	.text.USB_GetNextDescriptorComp,"ax",@progbits
 331               	.global	USB_GetNextDescriptorComp
 333               	USB_GetNextDescriptorComp:
 334               	.LFB90:
 118:../../protocol/lufa/LUFA-120730/LUFA/Drivers/USB/Core/ConfigDescriptors.c **** 
 119:../../protocol/lufa/LUFA-120730/LUFA/Drivers/USB/Core/ConfigDescriptors.c **** uint8_t USB_GetNextDescriptorComp(uint16_t* const BytesRem,
 120:../../protocol/lufa/LUFA-120730/LUFA/Drivers/USB/Core/ConfigDescriptors.c ****                                   void** const CurrConfigLoc,
 121:../../protocol/lufa/LUFA-120730/LUFA/Drivers/USB/Core/ConfigDescriptors.c ****                                   ConfigComparatorPtr_t const ComparatorRoutine)
 122:../../protocol/lufa/LUFA-120730/LUFA/Drivers/USB/Core/ConfigDescriptors.c **** {
 335               		.loc 2 122 0
 336               		.cfi_startproc
 337               	.LVL24:
 338 0000 AF92      		push r10
 339               	.LCFI23:
 340               		.cfi_def_cfa_offset 3
 341               		.cfi_offset 10, -2
 342 0002 BF92      		push r11
 343               	.LCFI24:
 344               		.cfi_def_cfa_offset 4
 345               		.cfi_offset 11, -3
 346 0004 CF92      		push r12
 347               	.LCFI25:
 348               		.cfi_def_cfa_offset 5
 349               		.cfi_offset 12, -4
 350 0006 DF92      		push r13
 351               	.LCFI26:
 352               		.cfi_def_cfa_offset 6
 353               		.cfi_offset 13, -5
 354 0008 EF92      		push r14
 355               	.LCFI27:
 356               		.cfi_def_cfa_offset 7
 357               		.cfi_offset 14, -6
 358 000a FF92      		push r15
 359               	.LCFI28:
 360               		.cfi_def_cfa_offset 8
 361               		.cfi_offset 15, -7
 362 000c 0F93      		push r16
 363               	.LCFI29:
 364               		.cfi_def_cfa_offset 9
 365               		.cfi_offset 16, -8
 366 000e 1F93      		push r17
 367               	.LCFI30:
 368               		.cfi_def_cfa_offset 10
 369               		.cfi_offset 17, -9
 370 0010 CF93      		push r28
 371               	.LCFI31:
 372               		.cfi_def_cfa_offset 11
 373               		.cfi_offset 28, -10
 374 0012 DF93      		push r29
 375               	.LCFI32:
 376               		.cfi_def_cfa_offset 12
 377               		.cfi_offset 29, -11
 378               	/* prologue: function */
 379               	/* frame size = 0 */
 380               	/* stack size = 10 */
 381               	.L__stack_usage = 10
 382 0014 8C01      		movw r16,r24
 383 0016 EB01      		movw r28,r22
 384 0018 6A01      		movw r12,r20
 123:../../protocol/lufa/LUFA-120730/LUFA/Drivers/USB/Core/ConfigDescriptors.c **** 	uint8_t ErrorCode;
 124:../../protocol/lufa/LUFA-120730/LUFA/Drivers/USB/Core/ConfigDescriptors.c **** 
 125:../../protocol/lufa/LUFA-120730/LUFA/Drivers/USB/Core/ConfigDescriptors.c **** 	while (*BytesRem)
 385               		.loc 2 125 0
 386 001a 00C0      		rjmp .L18
 387               	.LVL25:
 388               	.L20:
 389               	.LBB2:
 126:../../protocol/lufa/LUFA-120730/LUFA/Drivers/USB/Core/ConfigDescriptors.c **** 	{
 127:../../protocol/lufa/LUFA-120730/LUFA/Drivers/USB/Core/ConfigDescriptors.c **** 		uint8_t* PrevDescLoc  = *CurrConfigLoc;
 390               		.loc 2 127 0
 391 001c A880      		ld r10,Y
 392 001e B980      		ldd r11,Y+1
 393               	.LVL26:
 128:../../protocol/lufa/LUFA-120730/LUFA/Drivers/USB/Core/ConfigDescriptors.c **** 		uint16_t PrevBytesRem = *BytesRem;
 129:../../protocol/lufa/LUFA-120730/LUFA/Drivers/USB/Core/ConfigDescriptors.c **** 
 130:../../protocol/lufa/LUFA-120730/LUFA/Drivers/USB/Core/ConfigDescriptors.c **** 		USB_GetNextDescriptor(BytesRem, CurrConfigLoc);
 394               		.loc 2 130 0
 395 0020 BE01      		movw r22,r28
 396 0022 C801      		movw r24,r16
 397 0024 0E94 0000 		call USB_GetNextDescriptor
 398               	.LVL27:
 131:../../protocol/lufa/LUFA-120730/LUFA/Drivers/USB/Core/ConfigDescriptors.c **** 
 132:../../protocol/lufa/LUFA-120730/LUFA/Drivers/USB/Core/ConfigDescriptors.c **** 		if ((ErrorCode = ComparatorRoutine(*CurrConfigLoc)) != DESCRIPTOR_SEARCH_NotFound)
 399               		.loc 2 132 0
 400 0028 8881      		ld r24,Y
 401 002a 9981      		ldd r25,Y+1
 402 002c F601      		movw r30,r12
 403 002e 0995      		icall
 404               	.LVL28:
 405 0030 8230      		cpi r24,lo8(2)
 406 0032 01F0      		breq .L18
 133:../../protocol/lufa/LUFA-120730/LUFA/Drivers/USB/Core/ConfigDescriptors.c **** 		{
 134:../../protocol/lufa/LUFA-120730/LUFA/Drivers/USB/Core/ConfigDescriptors.c **** 			if (ErrorCode == DESCRIPTOR_SEARCH_Fail)
 407               		.loc 2 134 0
 408 0034 8130      		cpi r24,lo8(1)
 409 0036 01F4      		brne .L19
 135:../../protocol/lufa/LUFA-120730/LUFA/Drivers/USB/Core/ConfigDescriptors.c **** 			{
 136:../../protocol/lufa/LUFA-120730/LUFA/Drivers/USB/Core/ConfigDescriptors.c **** 				*CurrConfigLoc = PrevDescLoc;
 410               		.loc 2 136 0
 411 0038 B982      		std Y+1,r11
 412 003a A882      		st Y,r10
 137:../../protocol/lufa/LUFA-120730/LUFA/Drivers/USB/Core/ConfigDescriptors.c **** 				*BytesRem      = PrevBytesRem;
 413               		.loc 2 137 0
 414 003c F801      		movw r30,r16
 415 003e F182      		std Z+1,r15
 416 0040 E082      		st Z,r14
 417 0042 00C0      		rjmp .L19
 418               	.LVL29:
 419               	.L18:
 420               	.LBE2:
 125:../../protocol/lufa/LUFA-120730/LUFA/Drivers/USB/Core/ConfigDescriptors.c **** 	while (*BytesRem)
 421               		.loc 2 125 0 discriminator 1
 422 0044 F801      		movw r30,r16
 423 0046 E080      		ld r14,Z
 424 0048 F180      		ldd r15,Z+1
 425 004a E114      		cp r14,__zero_reg__
 426 004c F104      		cpc r15,__zero_reg__
 427 004e 01F4      		brne .L20
 138:../../protocol/lufa/LUFA-120730/LUFA/Drivers/USB/Core/ConfigDescriptors.c **** 			}
 139:../../protocol/lufa/LUFA-120730/LUFA/Drivers/USB/Core/ConfigDescriptors.c **** 
 140:../../protocol/lufa/LUFA-120730/LUFA/Drivers/USB/Core/ConfigDescriptors.c **** 			return ErrorCode;
 141:../../protocol/lufa/LUFA-120730/LUFA/Drivers/USB/Core/ConfigDescriptors.c **** 		}
 142:../../protocol/lufa/LUFA-120730/LUFA/Drivers/USB/Core/ConfigDescriptors.c **** 	}
 143:../../protocol/lufa/LUFA-120730/LUFA/Drivers/USB/Core/ConfigDescriptors.c **** 
 144:../../protocol/lufa/LUFA-120730/LUFA/Drivers/USB/Core/ConfigDescriptors.c **** 	return DESCRIPTOR_SEARCH_COMP_EndOfDescriptor;
 428               		.loc 2 144 0
 429 0050 82E0      		ldi r24,lo8(2)
 430               	.L19:
 431               	/* epilogue start */
 145:../../protocol/lufa/LUFA-120730/LUFA/Drivers/USB/Core/ConfigDescriptors.c **** }
 432               		.loc 2 145 0
 433 0052 DF91      		pop r29
 434 0054 CF91      		pop r28
 435               	.LVL30:
 436 0056 1F91      		pop r17
 437 0058 0F91      		pop r16
 438               	.LVL31:
 439 005a FF90      		pop r15
 440 005c EF90      		pop r14
 441 005e DF90      		pop r13
 442 0060 CF90      		pop r12
 443               	.LVL32:
 444 0062 BF90      		pop r11
 445 0064 AF90      		pop r10
 446 0066 0895      		ret
 447               		.cfi_endproc
 448               	.LFE90:
 450               		.text
 451               	.Letext0:
 452               		.file 3 "/usr/local/Cellar/avr-gcc/4.7.2/lib/gcc/avr/4.7.2/../../../../avr/include/stdint.h"
 453               		.file 4 "../../protocol/lufa/LUFA-120730/LUFA/Drivers/USB/Core/AVR8/../StdDescriptors.h"
DEFINED SYMBOLS
                            *ABS*:0000000000000000 ConfigDescriptors.c
/var/folders/kj/w_bbx2ws73sgrgbctpd6c4hr0000gn/T//ccxkOlb5.s:2      *ABS*:000000000000003e __SP_H__
/var/folders/kj/w_bbx2ws73sgrgbctpd6c4hr0000gn/T//ccxkOlb5.s:3      *ABS*:000000000000003d __SP_L__
/var/folders/kj/w_bbx2ws73sgrgbctpd6c4hr0000gn/T//ccxkOlb5.s:4      *ABS*:000000000000003f __SREG__
/var/folders/kj/w_bbx2ws73sgrgbctpd6c4hr0000gn/T//ccxkOlb5.s:5      *ABS*:0000000000000000 __tmp_reg__
/var/folders/kj/w_bbx2ws73sgrgbctpd6c4hr0000gn/T//ccxkOlb5.s:6      *ABS*:0000000000000001 __zero_reg__
/var/folders/kj/w_bbx2ws73sgrgbctpd6c4hr0000gn/T//ccxkOlb5.s:12     .text.USB_GetNextDescriptor:0000000000000000 USB_GetNextDescriptor
/var/folders/kj/w_bbx2ws73sgrgbctpd6c4hr0000gn/T//ccxkOlb5.s:71     .text.USB_GetNextDescriptorOfType:0000000000000000 USB_GetNextDescriptorOfType
/var/folders/kj/w_bbx2ws73sgrgbctpd6c4hr0000gn/T//ccxkOlb5.s:158    .text.USB_GetNextDescriptorOfTypeBefore:0000000000000000 USB_GetNextDescriptorOfTypeBefore
/var/folders/kj/w_bbx2ws73sgrgbctpd6c4hr0000gn/T//ccxkOlb5.s:256    .text.USB_GetNextDescriptorOfTypeAfter:0000000000000000 USB_GetNextDescriptorOfTypeAfter
/var/folders/kj/w_bbx2ws73sgrgbctpd6c4hr0000gn/T//ccxkOlb5.s:333    .text.USB_GetNextDescriptorComp:0000000000000000 USB_GetNextDescriptorComp

NO UNDEFINED SYMBOLS
